2021-12-11 18:04:33,851 [INFO] Starting articles training
2021-12-11 18:04:33,871 [INFO] ------------------------------------------------------------------------------------------------------------------------
2021-12-11 18:04:33,872 [INFO] Starting training for articles with augmentation 0
2021-12-11 18:04:33,873 [INFO] Augmentation features: {'num_samples': 0, 'augmentation_type': 'none'}
2021-12-11 18:04:34,774 [DEBUG] ---------------Starting training for nb---------------
2021-12-11 18:08:30,011 [DEBUG] Results of the grid search for the model:
2021-12-11 18:08:30,012 [DEBUG] Best estimator:
2021-12-11 18:08:30,021 [DEBUG] Pipeline(steps=[('vectorizer',
                 TfidfVectorizer(tokenizer=<__main__.StemmerTokenizer object at 0x7f9b828c31f0>)),
                ('model', MultinomialNB(alpha=0.1))])
2021-12-11 18:08:30,022 [DEBUG] Best parameters:
2021-12-11 18:08:30,022 [DEBUG] {'model__alpha': 0.1, 'vectorizer__ngram_range': (1, 1), 'vectorizer__tokenizer': <__main__.StemmerTokenizer object at 0x7f9b831c6df0>}
2021-12-11 18:08:30,023 [DEBUG] Best (f1) score:
2021-12-11 18:08:30,024 [DEBUG] 0.9694048788850012
2021-12-11 18:08:47,007 [DEBUG] Val set results of the best classifier:
2021-12-11 18:08:47,719 [DEBUG]               precision    recall  f1-score   support

           0       0.96      0.91      0.94        56
           1       1.00      1.00      1.00        36
           2       0.93      0.95      0.94        40
           3       1.00      1.00      1.00        54
           4       0.95      1.00      0.97        36

    accuracy                           0.97       222
   macro avg       0.97      0.97      0.97       222
weighted avg       0.97      0.97      0.97       222

2021-12-11 18:08:47,824 [DEBUG] [[51  0  3  0  2]
 [ 0 36  0  0  0]
 [ 2  0 38  0  0]
 [ 0  0  0 54  0]
 [ 0  0  0  0 36]]
2021-12-11 18:09:06,592 [DEBUG] Test set results of the best classifier (DO NOT USE THESE RESULTS TO CHOOSE DA, ONLY TO REPORT):
2021-12-11 18:09:07,077 [DEBUG]               precision    recall  f1-score   support

           0       0.97      0.98      0.97        59
           1       0.94      0.86      0.90        36
           2       0.92      0.97      0.95        36
           3       1.00      1.00      1.00        48
           4       0.95      0.95      0.95        44

    accuracy                           0.96       223
   macro avg       0.96      0.95      0.95       223
weighted avg       0.96      0.96      0.96       223

2021-12-11 18:09:07,143 [DEBUG] [[58  0  0  0  1]
 [ 1 31  3  0  1]
 [ 1  0 35  0  0]
 [ 0  0  0 48  0]
 [ 0  2  0  0 42]]
2021-12-11 18:09:07,189 [DEBUG] ---------------Starting training for logistic---------------
2021-12-11 18:14:25,687 [DEBUG] Results of the grid search for the model:
2021-12-11 18:14:25,689 [DEBUG] Best estimator:
2021-12-11 18:14:25,695 [DEBUG] Pipeline(steps=[('vectorizer',
                 TfidfVectorizer(tokenizer=<__main__.StemmerTokenizer object at 0x7f9b73d3ac10>)),
                ('model', LogisticRegression(C=1, n_jobs=-1, random_state=42))])
2021-12-11 18:14:25,696 [DEBUG] Best parameters:
2021-12-11 18:14:25,697 [DEBUG] {'model__C': 1, 'model__n_jobs': -1, 'model__penalty': 'l2', 'model__random_state': 42, 'model__solver': 'lbfgs', 'vectorizer__ngram_range': (1, 1), 'vectorizer__tokenizer': <__main__.StemmerTokenizer object at 0x7f9b828c3d60>}
2021-12-11 18:14:25,698 [DEBUG] Best (f1) score:
2021-12-11 18:14:25,699 [DEBUG] 0.9682026191746157
2021-12-11 18:14:45,265 [DEBUG] Val set results of the best classifier:
2021-12-11 18:14:46,619 [DEBUG]               precision    recall  f1-score   support

           0       0.96      0.95      0.95        56
           1       0.97      1.00      0.99        36
           2       0.95      0.93      0.94        40
           3       0.98      1.00      0.99        54
           4       0.97      0.97      0.97        36

    accuracy                           0.97       222
   macro avg       0.97      0.97      0.97       222
weighted avg       0.97      0.97      0.97       222

2021-12-11 18:14:46,788 [DEBUG] [[53  0  2  0  1]
 [ 0 36  0  0  0]
 [ 2  0 37  1  0]
 [ 0  0  0 54  0]
 [ 0  1  0  0 35]]
2021-12-11 18:15:08,744 [DEBUG] Test set results of the best classifier (DO NOT USE THESE RESULTS TO CHOOSE DA, ONLY TO REPORT):
2021-12-11 18:15:09,901 [DEBUG]               precision    recall  f1-score   support

           0       0.92      1.00      0.96        59
           1       1.00      0.92      0.96        36
           2       0.97      0.92      0.94        36
           3       0.98      1.00      0.99        48
           4       0.98      0.95      0.97        44

    accuracy                           0.96       223
   macro avg       0.97      0.96      0.96       223
weighted avg       0.97      0.96      0.96       223

2021-12-11 18:15:10,044 [DEBUG] [[59  0  0  0  0]
 [ 1 33  1  0  1]
 [ 3  0 33  0  0]
 [ 0  0  0 48  0]
 [ 1  0  0  1 42]]
2021-12-11 18:15:10,090 [INFO] ------------------------------------------------------------------------------------------------------------------------
2021-12-11 18:15:10,091 [INFO] Starting training for articles with augmentation 1
2021-12-11 18:15:10,092 [INFO] Augmentation features: {'num_samples': 5, 'augmentation_type': 'random_swap', 'aug_max': None, 'aug_p': 0.25}
2021-12-11 18:15:14,287 [DEBUG] ---------------Starting training for nb---------------
2021-12-11 18:35:53,980 [DEBUG] Results of the grid search for the model:
2021-12-11 18:35:53,981 [DEBUG] Best estimator:
2021-12-11 18:35:53,984 [DEBUG] Pipeline(steps=[('vectorizer',
                 TfidfVectorizer(tokenizer=<__main__.LemmaTokenizer object at 0x7f9b5d8ed9a0>)),
                ('model', MultinomialNB(alpha=0.1))])
2021-12-11 18:35:53,985 [DEBUG] Best parameters:
2021-12-11 18:35:53,986 [DEBUG] {'model__alpha': 0.1, 'vectorizer__ngram_range': (1, 1), 'vectorizer__tokenizer': <__main__.LemmaTokenizer object at 0x7f9b831c6b20>}
2021-12-11 18:35:53,987 [DEBUG] Best (f1) score:
2021-12-11 18:35:53,987 [DEBUG] 0.9780128752605817
2021-12-11 18:36:52,857 [DEBUG] Val set results of the best classifier:
2021-12-11 18:36:53,532 [DEBUG]               precision    recall  f1-score   support

           0       0.98      0.93      0.95        56
           1       1.00      1.00      1.00        36
           2       0.95      0.97      0.96        40
           3       1.00      1.00      1.00        54
           4       0.95      1.00      0.97        36

    accuracy                           0.98       222
   macro avg       0.98      0.98      0.98       222
weighted avg       0.98      0.98      0.98       222

2021-12-11 18:36:53,618 [DEBUG] [[52  0  2  0  2]
 [ 0 36  0  0  0]
 [ 1  0 39  0  0]
 [ 0  0  0 54  0]
 [ 0  0  0  0 36]]
2021-12-11 18:37:52,502 [DEBUG] Test set results of the best classifier (DO NOT USE THESE RESULTS TO CHOOSE DA, ONLY TO REPORT):
2021-12-11 18:37:52,982 [DEBUG]               precision    recall  f1-score   support

           0       0.98      0.97      0.97        59
           1       0.94      0.94      0.94        36
           2       0.97      0.97      0.97        36
           3       1.00      1.00      1.00        48
           4       0.93      0.95      0.94        44

    accuracy                           0.97       223
   macro avg       0.97      0.97      0.97       223
weighted avg       0.97      0.97      0.97       223

2021-12-11 18:37:53,046 [DEBUG] [[57  0  0  0  2]
 [ 0 34  1  0  1]
 [ 1  0 35  0  0]
 [ 0  0  0 48  0]
 [ 0  2  0  0 42]]
2021-12-11 18:37:53,104 [DEBUG] ---------------Starting training for logistic---------------
2021-12-11 19:08:56,293 [DEBUG] Results of the grid search for the model:
2021-12-11 19:08:56,295 [DEBUG] Best estimator:
2021-12-11 19:08:56,303 [DEBUG] Pipeline(steps=[('vectorizer',
                 TfidfVectorizer(ngram_range=(1, 2),
                                 tokenizer=<__main__.WordTokenizer object at 0x7f9b828c3580>)),
                ('model', LogisticRegression(C=1, n_jobs=-1, random_state=42))])
2021-12-11 19:08:56,304 [DEBUG] Best parameters:
2021-12-11 19:08:56,305 [DEBUG] {'model__C': 1, 'model__n_jobs': -1, 'model__penalty': 'l2', 'model__random_state': 42, 'model__solver': 'lbfgs', 'vectorizer__ngram_range': (1, 2), 'vectorizer__tokenizer': <__main__.WordTokenizer object at 0x7f9b73d3a580>}
2021-12-11 19:08:56,306 [DEBUG] Best (f1) score:
2021-12-11 19:08:56,306 [DEBUG] 0.9769578614683553
2021-12-11 19:11:27,143 [DEBUG] Val set results of the best classifier:
2021-12-11 19:11:28,497 [DEBUG]               precision    recall  f1-score   support

           0       1.00      0.95      0.97        56
           1       0.97      1.00      0.99        36
           2       0.95      0.97      0.96        40
           3       0.98      1.00      0.99        54
           4       0.97      0.97      0.97        36

    accuracy                           0.98       222
   macro avg       0.98      0.98      0.98       222
weighted avg       0.98      0.98      0.98       222

2021-12-11 19:11:28,663 [DEBUG] [[53  0  2  0  1]
 [ 0 36  0  0  0]
 [ 0  0 39  1  0]
 [ 0  0  0 54  0]
 [ 0  1  0  0 35]]
2021-12-11 19:13:53,014 [DEBUG] Test set results of the best classifier (DO NOT USE THESE RESULTS TO CHOOSE DA, ONLY TO REPORT):
2021-12-11 19:13:54,163 [DEBUG]               precision    recall  f1-score   support

           0       0.95      0.98      0.97        59
           1       1.00      0.92      0.96        36
           2       0.94      0.94      0.94        36
           3       0.96      1.00      0.98        48
           4       0.98      0.95      0.97        44

    accuracy                           0.96       223
   macro avg       0.97      0.96      0.96       223
weighted avg       0.96      0.96      0.96       223

2021-12-11 19:13:54,309 [DEBUG] [[58  0  0  1  0]
 [ 1 33  1  0  1]
 [ 2  0 34  0  0]
 [ 0  0  0 48  0]
 [ 0  0  1  1 42]]
2021-12-11 19:13:55,411 [INFO] ------------------------------------------------------------------------------------------------------------------------
2021-12-11 19:13:55,412 [INFO] Starting training for articles with augmentation 2
2021-12-11 19:13:55,412 [INFO] Augmentation features: {'num_samples': 5, 'augmentation_type': 'random_swap', 'aug_max': None, 'aug_p': 0.5}
2021-12-11 19:13:59,720 [DEBUG] ---------------Starting training for nb---------------
2021-12-11 19:34:52,092 [DEBUG] Results of the grid search for the model:
2021-12-11 19:34:52,093 [DEBUG] Best estimator:
2021-12-11 19:34:52,097 [DEBUG] Pipeline(steps=[('vectorizer',
                 TfidfVectorizer(ngram_range=(1, 2),
                                 tokenizer=<__main__.LemmaTokenizer object at 0x7f9b5d8ed8e0>)),
                ('model', MultinomialNB(alpha=0.1))])
2021-12-11 19:34:52,097 [DEBUG] Best parameters:
2021-12-11 19:34:52,098 [DEBUG] {'model__alpha': 0.1, 'vectorizer__ngram_range': (1, 2), 'vectorizer__tokenizer': <__main__.LemmaTokenizer object at 0x7f9b831c6d90>}
2021-12-11 19:34:52,099 [DEBUG] Best (f1) score:
2021-12-11 19:34:52,099 [DEBUG] 0.9866208716361621
2021-12-11 19:35:58,050 [DEBUG] Val set results of the best classifier:
2021-12-11 19:35:58,730 [DEBUG]               precision    recall  f1-score   support

           0       1.00      0.95      0.97        56
           1       1.00      1.00      1.00        36
           2       0.98      1.00      0.99        40
           3       1.00      1.00      1.00        54
           4       0.95      1.00      0.97        36

    accuracy                           0.99       222
   macro avg       0.98      0.99      0.99       222
weighted avg       0.99      0.99      0.99       222

2021-12-11 19:35:58,817 [DEBUG] [[53  0  1  0  2]
 [ 0 36  0  0  0]
 [ 0  0 40  0  0]
 [ 0  0  0 54  0]
 [ 0  0  0  0 36]]
2021-12-11 19:37:04,898 [DEBUG] Test set results of the best classifier (DO NOT USE THESE RESULTS TO CHOOSE DA, ONLY TO REPORT):
2021-12-11 19:37:05,371 [DEBUG]               precision    recall  f1-score   support

           0       0.97      0.98      0.97        59
           1       1.00      0.86      0.93        36
           2       0.95      0.97      0.96        36
           3       1.00      1.00      1.00        48
           4       0.94      1.00      0.97        44

    accuracy                           0.97       223
   macro avg       0.97      0.96      0.97       223
weighted avg       0.97      0.97      0.97       223

2021-12-11 19:37:05,434 [DEBUG] [[58  0  0  0  1]
 [ 1 31  2  0  2]
 [ 1  0 35  0  0]
 [ 0  0  0 48  0]
 [ 0  0  0  0 44]]
2021-12-11 19:37:07,097 [DEBUG] ---------------Starting training for logistic---------------
2021-12-11 20:08:10,707 [DEBUG] Results of the grid search for the model:
2021-12-11 20:08:10,708 [DEBUG] Best estimator:
2021-12-11 20:08:10,712 [DEBUG] Pipeline(steps=[('vectorizer',
                 TfidfVectorizer(tokenizer=<__main__.LemmaTokenizer object at 0x7f9b828c3700>)),
                ('model', LogisticRegression(C=1, n_jobs=-1, random_state=42))])
2021-12-11 20:08:10,713 [DEBUG] Best parameters:
2021-12-11 20:08:10,713 [DEBUG] {'model__C': 1, 'model__n_jobs': -1, 'model__penalty': 'l2', 'model__random_state': 42, 'model__solver': 'lbfgs', 'vectorizer__ngram_range': (1, 1), 'vectorizer__tokenizer': <__main__.LemmaTokenizer object at 0x7f9b73d3a610>}
2021-12-11 20:08:10,714 [DEBUG] Best (f1) score:
2021-12-11 20:08:10,715 [DEBUG] 0.9737581747301715
2021-12-11 20:09:25,468 [DEBUG] Val set results of the best classifier:
2021-12-11 20:09:26,790 [DEBUG]               precision    recall  f1-score   support

           0       0.96      0.95      0.95        56
           1       1.00      1.00      1.00        36
           2       0.95      0.93      0.94        40
           3       0.98      1.00      0.99        54
           4       0.97      1.00      0.99        36

    accuracy                           0.97       222
   macro avg       0.97      0.97      0.97       222
weighted avg       0.97      0.97      0.97       222

2021-12-11 20:09:26,954 [DEBUG] [[53  0  2  0  1]
 [ 0 36  0  0  0]
 [ 2  0 37  1  0]
 [ 0  0  0 54  0]
 [ 0  0  0  0 36]]
2021-12-11 20:10:41,537 [DEBUG] Test set results of the best classifier (DO NOT USE THESE RESULTS TO CHOOSE DA, ONLY TO REPORT):
2021-12-11 20:10:42,691 [DEBUG]               precision    recall  f1-score   support

           0       0.95      0.98      0.97        59
           1       1.00      0.94      0.97        36
           2       0.94      0.94      0.94        36
           3       0.96      1.00      0.98        48
           4       1.00      0.95      0.98        44

    accuracy                           0.97       223
   macro avg       0.97      0.97      0.97       223
weighted avg       0.97      0.97      0.97       223

2021-12-11 20:10:42,834 [DEBUG] [[58  0  0  1  0]
 [ 1 34  1  0  0]
 [ 2  0 34  0  0]
 [ 0  0  0 48  0]
 [ 0  0  1  1 42]]
2021-12-11 20:10:42,883 [INFO] ------------------------------------------------------------------------------------------------------------------------
2021-12-11 20:10:42,884 [INFO] Starting training for articles with augmentation 3
2021-12-11 20:10:42,884 [INFO] Augmentation features: {'num_samples': 5, 'augmentation_type': 'random_swap', 'aug_max': None, 'aug_p': 0.75}
2021-12-11 20:10:47,139 [DEBUG] ---------------Starting training for nb---------------
2021-12-11 20:31:45,991 [DEBUG] Results of the grid search for the model:
2021-12-11 20:31:45,992 [DEBUG] Best estimator:
2021-12-11 20:31:45,995 [DEBUG] Pipeline(steps=[('vectorizer',
                 TfidfVectorizer(ngram_range=(1, 2),
                                 tokenizer=<__main__.LemmaTokenizer object at 0x7f9b828c3070>)),
                ('model', MultinomialNB(alpha=0.1))])
2021-12-11 20:31:45,996 [DEBUG] Best parameters:
2021-12-11 20:31:45,997 [DEBUG] {'model__alpha': 0.1, 'vectorizer__ngram_range': (1, 2), 'vectorizer__tokenizer': <__main__.LemmaTokenizer object at 0x7f9b8343a2b0>}
2021-12-11 20:31:45,998 [DEBUG] Best (f1) score:
2021-12-11 20:31:45,998 [DEBUG] 0.9866208716361621
2021-12-11 20:32:52,380 [DEBUG] Val set results of the best classifier:
2021-12-11 20:32:53,059 [DEBUG]               precision    recall  f1-score   support

           0       1.00      0.95      0.97        56
           1       1.00      1.00      1.00        36
           2       0.98      1.00      0.99        40
           3       1.00      1.00      1.00        54
           4       0.95      1.00      0.97        36

    accuracy                           0.99       222
   macro avg       0.98      0.99      0.99       222
weighted avg       0.99      0.99      0.99       222

2021-12-11 20:32:53,146 [DEBUG] [[53  0  1  0  2]
 [ 0 36  0  0  0]
 [ 0  0 40  0  0]
 [ 0  0  0 54  0]
 [ 0  0  0  0 36]]
2021-12-11 20:34:00,151 [DEBUG] Test set results of the best classifier (DO NOT USE THESE RESULTS TO CHOOSE DA, ONLY TO REPORT):
2021-12-11 20:34:00,633 [DEBUG]               precision    recall  f1-score   support

           0       0.97      0.98      0.97        59
           1       1.00      0.81      0.89        36
           2       0.95      0.97      0.96        36
           3       1.00      1.00      1.00        48
           4       0.90      1.00      0.95        44

    accuracy                           0.96       223
   macro avg       0.96      0.95      0.95       223
weighted avg       0.96      0.96      0.96       223

2021-12-11 20:34:00,697 [DEBUG] [[58  0  0  0  1]
 [ 1 29  2  0  4]
 [ 1  0 35  0  0]
 [ 0  0  0 48  0]
 [ 0  0  0  0 44]]
2021-12-11 20:34:02,584 [DEBUG] ---------------Starting training for logistic---------------
2021-12-11 21:05:41,427 [DEBUG] Results of the grid search for the model:
2021-12-11 21:05:41,428 [DEBUG] Best estimator:
2021-12-11 21:05:41,432 [DEBUG] Pipeline(steps=[('vectorizer',
                 TfidfVectorizer(tokenizer=<__main__.LemmaTokenizer object at 0x7f9b6a40e880>)),
                ('model', LogisticRegression(C=1, n_jobs=-1, random_state=42))])
2021-12-11 21:05:41,433 [DEBUG] Best parameters:
2021-12-11 21:05:41,434 [DEBUG] {'model__C': 1, 'model__n_jobs': -1, 'model__penalty': 'l2', 'model__random_state': 42, 'model__solver': 'lbfgs', 'vectorizer__ngram_range': (1, 1), 'vectorizer__tokenizer': <__main__.LemmaTokenizer object at 0x7f9b73d3a3d0>}
2021-12-11 21:05:41,435 [DEBUG] Best (f1) score:
2021-12-11 21:05:41,436 [DEBUG] 0.9737581747301715
2021-12-11 21:06:58,303 [DEBUG] Val set results of the best classifier:
2021-12-11 21:06:59,657 [DEBUG]               precision    recall  f1-score   support

           0       0.96      0.95      0.95        56
           1       1.00      1.00      1.00        36
           2       0.95      0.93      0.94        40
           3       0.98      1.00      0.99        54
           4       0.97      1.00      0.99        36

    accuracy                           0.97       222
   macro avg       0.97      0.97      0.97       222
weighted avg       0.97      0.97      0.97       222

2021-12-11 21:06:59,821 [DEBUG] [[53  0  2  0  1]
 [ 0 36  0  0  0]
 [ 2  0 37  1  0]
 [ 0  0  0 54  0]
 [ 0  0  0  0 36]]
2021-12-11 21:08:16,758 [DEBUG] Test set results of the best classifier (DO NOT USE THESE RESULTS TO CHOOSE DA, ONLY TO REPORT):
2021-12-11 21:08:17,938 [DEBUG]               precision    recall  f1-score   support

           0       0.95      0.98      0.97        59
           1       1.00      0.94      0.97        36
           2       0.94      0.94      0.94        36
           3       0.96      1.00      0.98        48
           4       1.00      0.95      0.98        44

    accuracy                           0.97       223
   macro avg       0.97      0.97      0.97       223
weighted avg       0.97      0.97      0.97       223

2021-12-11 21:08:18,088 [DEBUG] [[58  0  0  1  0]
 [ 1 34  1  0  0]
 [ 2  0 34  0  0]
 [ 0  0  0 48  0]
 [ 0  0  1  1 42]]
2021-12-11 21:08:18,140 [INFO] ------------------------------------------------------------------------------------------------------------------------
2021-12-11 21:08:18,141 [INFO] Starting training for articles with augmentation 4
2021-12-11 21:08:18,141 [INFO] Augmentation features: {'num_samples': 5, 'augmentation_type': 'random_delete', 'aug_max': None, 'aug_p': 0.25}
2021-12-11 21:08:22,236 [DEBUG] ---------------Starting training for nb---------------
2021-12-11 21:26:52,048 [DEBUG] Results of the grid search for the model:
2021-12-11 21:26:52,049 [DEBUG] Best estimator:
2021-12-11 21:26:52,052 [DEBUG] Pipeline(steps=[('vectorizer',
                 TfidfVectorizer(tokenizer=<__main__.StemmerTokenizer object at 0x7f9b828c3d60>)),
                ('model', MultinomialNB(alpha=0.1))])
2021-12-11 21:26:52,053 [DEBUG] Best parameters:
2021-12-11 21:26:52,054 [DEBUG] {'model__alpha': 0.1, 'vectorizer__ngram_range': (1, 1), 'vectorizer__tokenizer': <__main__.StemmerTokenizer object at 0x7f9b73d3aeb0>}
2021-12-11 21:26:52,055 [DEBUG] Best (f1) score:
2021-12-11 21:26:52,055 [DEBUG] 0.9780128752605817
2021-12-11 21:28:13,063 [DEBUG] Val set results of the best classifier:
2021-12-11 21:28:13,744 [DEBUG]               precision    recall  f1-score   support

           0       0.98      0.93      0.95        56
           1       1.00      1.00      1.00        36
           2       0.95      0.97      0.96        40
           3       1.00      1.00      1.00        54
           4       0.95      1.00      0.97        36

    accuracy                           0.98       222
   macro avg       0.98      0.98      0.98       222
weighted avg       0.98      0.98      0.98       222

2021-12-11 21:28:13,830 [DEBUG] [[52  0  2  0  2]
 [ 0 36  0  0  0]
 [ 1  0 39  0  0]
 [ 0  0  0 54  0]
 [ 0  0  0  0 36]]
2021-12-11 21:29:35,889 [DEBUG] Test set results of the best classifier (DO NOT USE THESE RESULTS TO CHOOSE DA, ONLY TO REPORT):
2021-12-11 21:29:36,372 [DEBUG]               precision    recall  f1-score   support

           0       0.98      0.97      0.97        59
           1       0.94      0.94      0.94        36
           2       0.97      0.97      0.97        36
           3       1.00      1.00      1.00        48
           4       0.93      0.95      0.94        44

    accuracy                           0.97       223
   macro avg       0.97      0.97      0.97       223
weighted avg       0.97      0.97      0.97       223

2021-12-11 21:29:36,437 [DEBUG] [[57  0  0  0  2]
 [ 0 34  1  0  1]
 [ 1  0 35  0  0]
 [ 0  0  0 48  0]
 [ 0  2  0  0 42]]
2021-12-11 21:29:36,485 [DEBUG] ---------------Starting training for logistic---------------
2021-12-11 21:54:58,633 [DEBUG] Results of the grid search for the model:
2021-12-11 21:54:58,634 [DEBUG] Best estimator:
2021-12-11 21:54:58,638 [DEBUG] Pipeline(steps=[('vectorizer',
                 TfidfVectorizer(tokenizer=<__main__.LemmaTokenizer object at 0x7f9b6a40e610>)),
                ('model', LogisticRegression(C=1, n_jobs=-1, random_state=42))])
2021-12-11 21:54:58,638 [DEBUG] Best parameters:
2021-12-11 21:54:58,639 [DEBUG] {'model__C': 1, 'model__n_jobs': -1, 'model__penalty': 'l2', 'model__random_state': 42, 'model__solver': 'lbfgs', 'vectorizer__ngram_range': (1, 1), 'vectorizer__tokenizer': <__main__.LemmaTokenizer object at 0x7f9b5d8edac0>}
2021-12-11 21:54:58,640 [DEBUG] Best (f1) score:
2021-12-11 21:54:58,641 [DEBUG] 0.9737581747301715
2021-12-11 21:56:06,185 [DEBUG] Val set results of the best classifier:
2021-12-11 21:56:07,520 [DEBUG]               precision    recall  f1-score   support

           0       0.96      0.95      0.95        56
           1       1.00      1.00      1.00        36
           2       0.95      0.93      0.94        40
           3       0.98      1.00      0.99        54
           4       0.97      1.00      0.99        36

    accuracy                           0.97       222
   macro avg       0.97      0.97      0.97       222
weighted avg       0.97      0.97      0.97       222

2021-12-11 21:56:07,689 [DEBUG] [[53  0  2  0  1]
 [ 0 36  0  0  0]
 [ 2  0 37  1  0]
 [ 0  0  0 54  0]
 [ 0  0  0  0 36]]
2021-12-11 21:57:15,469 [DEBUG] Test set results of the best classifier (DO NOT USE THESE RESULTS TO CHOOSE DA, ONLY TO REPORT):
2021-12-11 21:57:16,610 [DEBUG]               precision    recall  f1-score   support

           0       0.95      1.00      0.98        59
           1       1.00      0.94      0.97        36
           2       0.97      0.94      0.96        36
           3       0.98      1.00      0.99        48
           4       1.00      0.98      0.99        44

    accuracy                           0.98       223
   macro avg       0.98      0.97      0.98       223
weighted avg       0.98      0.98      0.98       223

2021-12-11 21:57:16,756 [DEBUG] [[59  0  0  0  0]
 [ 1 34  1  0  0]
 [ 2  0 34  0  0]
 [ 0  0  0 48  0]
 [ 0  0  0  1 43]]
2021-12-11 21:57:16,803 [INFO] ------------------------------------------------------------------------------------------------------------------------
2021-12-11 21:57:16,804 [INFO] Starting training for articles with augmentation 5
2021-12-11 21:57:16,804 [INFO] Augmentation features: {'num_samples': 5, 'augmentation_type': 'random_delete', 'aug_max': None, 'aug_p': 0.5}
2021-12-11 21:57:20,852 [DEBUG] ---------------Starting training for nb---------------
2021-12-11 22:12:24,347 [DEBUG] Results of the grid search for the model:
2021-12-11 22:12:24,348 [DEBUG] Best estimator:
2021-12-11 22:12:24,351 [DEBUG] Pipeline(steps=[('vectorizer',
                 TfidfVectorizer(tokenizer=<__main__.LemmaTokenizer object at 0x7f9b6a40e430>)),
                ('model', MultinomialNB(alpha=0.1))])
2021-12-11 22:12:24,351 [DEBUG] Best parameters:
2021-12-11 22:12:24,352 [DEBUG] {'model__alpha': 0.1, 'vectorizer__ngram_range': (1, 1), 'vectorizer__tokenizer': <__main__.LemmaTokenizer object at 0x7f9b8343a130>}
2021-12-11 22:12:24,353 [DEBUG] Best (f1) score:
2021-12-11 22:12:24,354 [DEBUG] 0.9823218673218672
2021-12-11 22:13:09,818 [DEBUG] Val set results of the best classifier:
2021-12-11 22:13:10,506 [DEBUG]               precision    recall  f1-score   support

           0       0.98      0.95      0.96        56
           1       1.00      1.00      1.00        36
           2       0.97      0.97      0.97        40
           3       1.00      1.00      1.00        54
           4       0.95      1.00      0.97        36

    accuracy                           0.98       222
   macro avg       0.98      0.98      0.98       222
weighted avg       0.98      0.98      0.98       222

2021-12-11 22:13:10,592 [DEBUG] [[53  0  1  0  2]
 [ 0 36  0  0  0]
 [ 1  0 39  0  0]
 [ 0  0  0 54  0]
 [ 0  0  0  0 36]]
2021-12-11 22:13:55,723 [DEBUG] Test set results of the best classifier (DO NOT USE THESE RESULTS TO CHOOSE DA, ONLY TO REPORT):
2021-12-11 22:13:56,246 [DEBUG]               precision    recall  f1-score   support

           0       0.98      0.97      0.97        59
           1       0.94      0.94      0.94        36
           2       0.97      0.97      0.97        36
           3       1.00      1.00      1.00        48
           4       0.93      0.95      0.94        44

    accuracy                           0.97       223
   macro avg       0.97      0.97      0.97       223
weighted avg       0.97      0.97      0.97       223

2021-12-11 22:13:56,311 [DEBUG] [[57  0  0  0  2]
 [ 0 34  1  0  1]
 [ 1  0 35  0  0]
 [ 0  0  0 48  0]
 [ 0  2  0  0 42]]
2021-12-11 22:13:56,368 [DEBUG] ---------------Starting training for logistic---------------
2021-12-11 22:37:01,184 [DEBUG] Results of the grid search for the model:
2021-12-11 22:37:01,185 [DEBUG] Best estimator:
2021-12-11 22:37:01,188 [DEBUG] Pipeline(steps=[('vectorizer',
                 TfidfVectorizer(tokenizer=<__main__.StemmerTokenizer object at 0x7f9b6abc4700>)),
                ('model', LogisticRegression(C=1, n_jobs=-1, random_state=42))])
2021-12-11 22:37:01,189 [DEBUG] Best parameters:
2021-12-11 22:37:01,190 [DEBUG] {'model__C': 1, 'model__n_jobs': -1, 'model__penalty': 'l2', 'model__random_state': 42, 'model__solver': 'lbfgs', 'vectorizer__ngram_range': (1, 1), 'vectorizer__tokenizer': <__main__.StemmerTokenizer object at 0x7f9b73d3a460>}
2021-12-11 22:37:01,191 [DEBUG] Best (f1) score:
2021-12-11 22:37:01,191 [DEBUG] 0.9737581747301715
2021-12-11 22:38:20,310 [DEBUG] Val set results of the best classifier:
2021-12-11 22:38:21,622 [DEBUG]               precision    recall  f1-score   support

           0       0.96      0.95      0.95        56
           1       1.00      1.00      1.00        36
           2       0.95      0.93      0.94        40
           3       0.98      1.00      0.99        54
           4       0.97      1.00      0.99        36

    accuracy                           0.97       222
   macro avg       0.97      0.97      0.97       222
weighted avg       0.97      0.97      0.97       222

2021-12-11 22:38:21,787 [DEBUG] [[53  0  2  0  1]
 [ 0 36  0  0  0]
 [ 2  0 37  1  0]
 [ 0  0  0 54  0]
 [ 0  0  0  0 36]]
2021-12-11 22:39:42,324 [DEBUG] Test set results of the best classifier (DO NOT USE THESE RESULTS TO CHOOSE DA, ONLY TO REPORT):
2021-12-11 22:39:43,462 [DEBUG]               precision    recall  f1-score   support

           0       0.95      1.00      0.98        59
           1       1.00      0.92      0.96        36
           2       0.94      0.94      0.94        36
           3       1.00      0.98      0.99        48
           4       0.98      1.00      0.99        44

    accuracy                           0.97       223
   macro avg       0.97      0.97      0.97       223
weighted avg       0.97      0.97      0.97       223

2021-12-11 22:39:43,604 [DEBUG] [[59  0  0  0  0]
 [ 1 33  1  0  1]
 [ 2  0 34  0  0]
 [ 0  0  1 47  0]
 [ 0  0  0  0 44]]
2021-12-11 22:39:43,651 [INFO] ------------------------------------------------------------------------------------------------------------------------
2021-12-11 22:39:43,652 [INFO] Starting training for articles with augmentation 6
2021-12-11 22:39:43,653 [INFO] Augmentation features: {'num_samples': 5, 'augmentation_type': 'random_delete', 'aug_max': None, 'aug_p': 0.75}
2021-12-11 22:39:47,580 [DEBUG] ---------------Starting training for nb---------------
2021-12-11 22:51:43,447 [DEBUG] Results of the grid search for the model:
2021-12-11 22:51:43,448 [DEBUG] Best estimator:
2021-12-11 22:51:43,452 [DEBUG] Pipeline(steps=[('vectorizer',
                 TfidfVectorizer(tokenizer=<__main__.LemmaTokenizer object at 0x7f9b6a40e700>)),
                ('model', MultinomialNB(alpha=0.1))])
2021-12-11 22:51:43,452 [DEBUG] Best parameters:
2021-12-11 22:51:43,453 [DEBUG] {'model__alpha': 0.1, 'vectorizer__ngram_range': (1, 1), 'vectorizer__tokenizer': <__main__.LemmaTokenizer object at 0x7f9b5d8ed4c0>}
2021-12-11 22:51:43,454 [DEBUG] Best (f1) score:
2021-12-11 22:51:43,455 [DEBUG] 0.9778256880733945
2021-12-11 22:52:21,349 [DEBUG] Val set results of the best classifier:
2021-12-11 22:52:22,027 [DEBUG]               precision    recall  f1-score   support

           0       0.98      0.93      0.95        56
           1       1.00      1.00      1.00        36
           2       0.97      0.97      0.97        40
           3       1.00      1.00      1.00        54
           4       0.92      1.00      0.96        36

    accuracy                           0.98       222
   macro avg       0.98      0.98      0.98       222
weighted avg       0.98      0.98      0.98       222

2021-12-11 22:52:22,112 [DEBUG] [[52  0  1  0  3]
 [ 0 36  0  0  0]
 [ 1  0 39  0  0]
 [ 0  0  0 54  0]
 [ 0  0  0  0 36]]
2021-12-11 22:53:00,337 [DEBUG] Test set results of the best classifier (DO NOT USE THESE RESULTS TO CHOOSE DA, ONLY TO REPORT):
2021-12-11 22:53:00,811 [DEBUG]               precision    recall  f1-score   support

           0       0.98      0.98      0.98        59
           1       0.94      0.94      0.94        36
           2       0.95      0.97      0.96        36
           3       1.00      0.98      0.99        48
           4       0.95      0.95      0.95        44

    accuracy                           0.97       223
   macro avg       0.97      0.97      0.97       223
weighted avg       0.97      0.97      0.97       223

2021-12-11 22:53:00,874 [DEBUG] [[58  0  0  0  1]
 [ 0 34  1  0  1]
 [ 1  0 35  0  0]
 [ 0  0  1 47  0]
 [ 0  2  0  0 42]]
2021-12-11 22:53:00,932 [DEBUG] ---------------Starting training for logistic---------------
2021-12-11 23:12:24,440 [DEBUG] Results of the grid search for the model:
2021-12-11 23:12:24,441 [DEBUG] Best estimator:
2021-12-11 23:12:24,446 [DEBUG] Pipeline(steps=[('vectorizer',
                 TfidfVectorizer(ngram_range=(1, 2),
                                 tokenizer=<__main__.WordTokenizer object at 0x7f9b6abc4ee0>)),
                ('model', LogisticRegression(C=1, n_jobs=-1, random_state=42))])
2021-12-11 23:12:24,447 [DEBUG] Best parameters:
2021-12-11 23:12:24,447 [DEBUG] {'model__C': 1, 'model__n_jobs': -1, 'model__penalty': 'l2', 'model__random_state': 42, 'model__solver': 'lbfgs', 'vectorizer__ngram_range': (1, 2), 'vectorizer__tokenizer': <__main__.WordTokenizer object at 0x7f9b73d3a310>}
2021-12-11 23:12:24,448 [DEBUG] Best (f1) score:
2021-12-11 23:12:24,449 [DEBUG] 0.9508834504796655
2021-12-11 23:13:54,283 [DEBUG] Val set results of the best classifier:
2021-12-11 23:13:55,598 [DEBUG]               precision    recall  f1-score   support

           0       1.00      0.93      0.96        56
           1       0.97      0.89      0.93        36
           2       0.91      0.97      0.94        40
           3       0.98      1.00      0.99        54
           4       0.90      0.97      0.93        36

    accuracy                           0.95       222
   macro avg       0.95      0.95      0.95       222
weighted avg       0.96      0.95      0.96       222

2021-12-11 23:13:55,762 [DEBUG] [[52  0  2  0  2]
 [ 0 32  2  0  2]
 [ 0  0 39  1  0]
 [ 0  0  0 54  0]
 [ 0  1  0  0 35]]
2021-12-11 23:15:28,281 [DEBUG] Test set results of the best classifier (DO NOT USE THESE RESULTS TO CHOOSE DA, ONLY TO REPORT):
2021-12-11 23:15:29,413 [DEBUG]               precision    recall  f1-score   support

           0       0.95      1.00      0.98        59
           1       1.00      0.89      0.94        36
           2       0.89      0.94      0.92        36
           3       0.98      0.98      0.98        48
           4       0.98      0.95      0.97        44

    accuracy                           0.96       223
   macro avg       0.96      0.95      0.96       223
weighted avg       0.96      0.96      0.96       223

2021-12-11 23:15:29,554 [DEBUG] [[59  0  0  0  0]
 [ 1 32  2  0  1]
 [ 2  0 34  0  0]
 [ 0  0  1 47  0]
 [ 0  0  1  1 42]]
2021-12-11 23:15:30,167 [INFO] ------------------------------------------------------------------------------------------------------------------------
2021-12-11 23:15:30,168 [INFO] Starting training for articles with augmentation 7
2021-12-11 23:15:30,169 [INFO] Augmentation features: {'num_samples': 5, 'augmentation_type': 'synonym_wordnet', 'aug_max': None, 'aug_p': 0.25}
2021-12-11 23:15:34,758 [DEBUG] ---------------Starting training for nb---------------
2021-12-11 23:38:01,014 [DEBUG] Results of the grid search for the model:
2021-12-11 23:38:01,015 [DEBUG] Best estimator:
2021-12-11 23:38:01,018 [DEBUG] Pipeline(steps=[('vectorizer',
                 TfidfVectorizer(tokenizer=<__main__.StemmerTokenizer object at 0x7f9b6abc4190>)),
                ('model', MultinomialNB(alpha=0.1))])
2021-12-11 23:38:01,018 [DEBUG] Best parameters:
2021-12-11 23:38:01,019 [DEBUG] {'model__alpha': 0.1, 'vectorizer__ngram_range': (1, 1), 'vectorizer__tokenizer': <__main__.StemmerTokenizer object at 0x7f9b73d3aac0>}
2021-12-11 23:38:01,020 [DEBUG] Best (f1) score:
2021-12-11 23:38:01,020 [DEBUG] 0.9825801392924681
2021-12-11 23:39:43,204 [DEBUG] Val set results of the best classifier:
2021-12-11 23:39:43,943 [DEBUG]               precision    recall  f1-score   support

           0       0.98      0.95      0.96        56
           1       1.00      1.00      1.00        36
           2       0.95      0.97      0.96        40
           3       1.00      1.00      1.00        54
           4       0.97      1.00      0.99        36

    accuracy                           0.98       222
   macro avg       0.98      0.98      0.98       222
weighted avg       0.98      0.98      0.98       222

2021-12-11 23:39:44,037 [DEBUG] [[53  0  2  0  1]
 [ 0 36  0  0  0]
 [ 1  0 39  0  0]
 [ 0  0  0 54  0]
 [ 0  0  0  0 36]]
2021-12-11 23:41:27,063 [DEBUG] Test set results of the best classifier (DO NOT USE THESE RESULTS TO CHOOSE DA, ONLY TO REPORT):
2021-12-11 23:41:27,548 [DEBUG]               precision    recall  f1-score   support

           0       0.98      0.97      0.97        59
           1       0.94      0.94      0.94        36
           2       0.97      0.94      0.96        36
           3       0.98      1.00      0.99        48
           4       0.93      0.95      0.94        44

    accuracy                           0.96       223
   macro avg       0.96      0.96      0.96       223
weighted avg       0.96      0.96      0.96       223

2021-12-11 23:41:27,612 [DEBUG] [[57  0  0  0  2]
 [ 0 34  1  0  1]
 [ 1  0 34  1  0]
 [ 0  0  0 48  0]
 [ 0  2  0  0 42]]
2021-12-11 23:41:27,672 [DEBUG] ---------------Starting training for logistic---------------
2021-12-12 00:12:50,000 [DEBUG] Results of the grid search for the model:
2021-12-12 00:12:50,001 [DEBUG] Best estimator:
2021-12-12 00:12:50,008 [DEBUG] Pipeline(steps=[('vectorizer',
                 TfidfVectorizer(tokenizer=<__main__.LemmaTokenizer object at 0x7f9b6abc4370>)),
                ('model', LogisticRegression(C=1, n_jobs=-1, random_state=42))])
2021-12-12 00:12:50,009 [DEBUG] Best parameters:
2021-12-12 00:12:50,010 [DEBUG] {'model__C': 1, 'model__n_jobs': -1, 'model__penalty': 'l2', 'model__random_state': 42, 'model__solver': 'lbfgs', 'vectorizer__ngram_range': (1, 1), 'vectorizer__tokenizer': <__main__.LemmaTokenizer object at 0x7f9b828c34c0>}
2021-12-12 00:12:50,010 [DEBUG] Best (f1) score:
2021-12-12 00:12:50,011 [DEBUG] 0.9783640526237205
2021-12-12 00:14:11,324 [DEBUG] Val set results of the best classifier:
2021-12-12 00:14:12,792 [DEBUG]               precision    recall  f1-score   support

           0       0.96      0.96      0.96        56
           1       1.00      1.00      1.00        36
           2       0.95      0.93      0.94        40
           3       0.98      1.00      0.99        54
           4       1.00      1.00      1.00        36

    accuracy                           0.98       222
   macro avg       0.98      0.98      0.98       222
weighted avg       0.98      0.98      0.98       222

2021-12-12 00:14:12,972 [DEBUG] [[54  0  2  0  0]
 [ 0 36  0  0  0]
 [ 2  0 37  1  0]
 [ 0  0  0 54  0]
 [ 0  0  0  0 36]]
2021-12-12 00:15:34,261 [DEBUG] Test set results of the best classifier (DO NOT USE THESE RESULTS TO CHOOSE DA, ONLY TO REPORT):
2021-12-12 00:15:35,470 [DEBUG]               precision    recall  f1-score   support

           0       0.94      1.00      0.97        59
           1       1.00      0.94      0.97        36
           2       0.97      0.92      0.94        36
           3       0.98      1.00      0.99        48
           4       1.00      0.98      0.99        44

    accuracy                           0.97       223
   macro avg       0.98      0.97      0.97       223
weighted avg       0.97      0.97      0.97       223

2021-12-12 00:15:35,625 [DEBUG] [[59  0  0  0  0]
 [ 1 34  1  0  0]
 [ 3  0 33  0  0]
 [ 0  0  0 48  0]
 [ 0  0  0  1 43]]
2021-12-12 00:15:35,687 [INFO] ------------------------------------------------------------------------------------------------------------------------
2021-12-12 00:15:35,688 [INFO] Starting training for articles with augmentation 8
2021-12-12 00:15:35,689 [INFO] Augmentation features: {'num_samples': 5, 'augmentation_type': 'synonym_wordnet', 'aug_max': None, 'aug_p': 0.5}
2021-12-12 00:15:40,585 [DEBUG] ---------------Starting training for nb---------------
2021-12-12 00:39:27,296 [DEBUG] Results of the grid search for the model:
2021-12-12 00:39:27,297 [DEBUG] Best estimator:
2021-12-12 00:39:27,301 [DEBUG] Pipeline(steps=[('vectorizer',
                 TfidfVectorizer(tokenizer=<__main__.StemmerTokenizer object at 0x7f9b6abc45b0>)),
                ('model', MultinomialNB(alpha=0.1))])
2021-12-12 00:39:27,301 [DEBUG] Best parameters:
2021-12-12 00:39:27,302 [DEBUG] {'model__alpha': 0.1, 'vectorizer__ngram_range': (1, 1), 'vectorizer__tokenizer': <__main__.StemmerTokenizer object at 0x7f9b73d3a5b0>}
2021-12-12 00:39:27,303 [DEBUG] Best (f1) score:
2021-12-12 00:39:27,303 [DEBUG] 0.9825801392924681
2021-12-12 00:41:16,512 [DEBUG] Val set results of the best classifier:
2021-12-12 00:41:17,308 [DEBUG]               precision    recall  f1-score   support

           0       0.98      0.95      0.96        56
           1       1.00      1.00      1.00        36
           2       0.95      0.97      0.96        40
           3       1.00      1.00      1.00        54
           4       0.97      1.00      0.99        36

    accuracy                           0.98       222
   macro avg       0.98      0.98      0.98       222
weighted avg       0.98      0.98      0.98       222

2021-12-12 00:41:17,411 [DEBUG] [[53  0  2  0  1]
 [ 0 36  0  0  0]
 [ 1  0 39  0  0]
 [ 0  0  0 54  0]
 [ 0  0  0  0 36]]
2021-12-12 00:43:06,710 [DEBUG] Test set results of the best classifier (DO NOT USE THESE RESULTS TO CHOOSE DA, ONLY TO REPORT):
2021-12-12 00:43:07,178 [DEBUG]               precision    recall  f1-score   support

           0       0.98      0.97      0.97        59
           1       0.94      0.92      0.93        36
           2       1.00      0.94      0.97        36
           3       0.98      1.00      0.99        48
           4       0.89      0.95      0.92        44

    accuracy                           0.96       223
   macro avg       0.96      0.96      0.96       223
weighted avg       0.96      0.96      0.96       223

2021-12-12 00:43:07,246 [DEBUG] [[57  0  0  0  2]
 [ 0 33  0  0  3]
 [ 1  0 34  1  0]
 [ 0  0  0 48  0]
 [ 0  2  0  0 42]]
2021-12-12 00:43:07,304 [DEBUG] ---------------Starting training for logistic---------------
2021-12-12 01:18:45,454 [DEBUG] Results of the grid search for the model:
2021-12-12 01:18:45,455 [DEBUG] Best estimator:
2021-12-12 01:18:45,464 [DEBUG] Pipeline(steps=[('vectorizer',
                 TfidfVectorizer(tokenizer=<__main__.StemmerTokenizer object at 0x7f9b73ba9040>)),
                ('model', LogisticRegression(C=1, n_jobs=-1, random_state=42))])
2021-12-12 01:18:45,465 [DEBUG] Best parameters:
2021-12-12 01:18:45,466 [DEBUG] {'model__C': 1, 'model__n_jobs': -1, 'model__penalty': 'l2', 'model__random_state': 42, 'model__solver': 'lbfgs', 'vectorizer__ngram_range': (1, 1), 'vectorizer__tokenizer': <__main__.StemmerTokenizer object at 0x7f9b6a40eb20>}
2021-12-12 01:18:45,466 [DEBUG] Best (f1) score:
2021-12-12 01:18:45,467 [DEBUG] 0.9737581747301715
2021-12-12 01:20:55,638 [DEBUG] Val set results of the best classifier:
2021-12-12 01:20:57,206 [DEBUG]               precision    recall  f1-score   support

           0       0.96      0.95      0.95        56
           1       1.00      1.00      1.00        36
           2       0.95      0.93      0.94        40
           3       0.98      1.00      0.99        54
           4       0.97      1.00      0.99        36

    accuracy                           0.97       222
   macro avg       0.97      0.97      0.97       222
weighted avg       0.97      0.97      0.97       222

2021-12-12 01:20:57,409 [DEBUG] [[53  0  2  0  1]
 [ 0 36  0  0  0]
 [ 2  0 37  1  0]
 [ 0  0  0 54  0]
 [ 0  0  0  0 36]]
2021-12-12 01:23:07,371 [DEBUG] Test set results of the best classifier (DO NOT USE THESE RESULTS TO CHOOSE DA, ONLY TO REPORT):
2021-12-12 01:23:08,626 [DEBUG]               precision    recall  f1-score   support

           0       0.95      1.00      0.98        59
           1       1.00      0.94      0.97        36
           2       0.97      0.94      0.96        36
           3       0.98      1.00      0.99        48
           4       1.00      0.98      0.99        44

    accuracy                           0.98       223
   macro avg       0.98      0.97      0.98       223
weighted avg       0.98      0.98      0.98       223

2021-12-12 01:23:08,782 [DEBUG] [[59  0  0  0  0]
 [ 1 34  1  0  0]
 [ 2  0 34  0  0]
 [ 0  0  0 48  0]
 [ 0  0  0  1 43]]
2021-12-12 01:23:08,839 [INFO] ------------------------------------------------------------------------------------------------------------------------
2021-12-12 01:23:08,840 [INFO] Starting training for articles with augmentation 9
2021-12-12 01:23:08,841 [INFO] Augmentation features: {'num_samples': 5, 'augmentation_type': 'synonym_wordnet', 'aug_max': None, 'aug_p': 0.75}
2021-12-12 01:23:14,052 [DEBUG] ---------------Starting training for nb---------------
2021-12-12 01:48:19,674 [DEBUG] Results of the grid search for the model:
2021-12-12 01:48:19,676 [DEBUG] Best estimator:
2021-12-12 01:48:19,679 [DEBUG] Pipeline(steps=[('vectorizer',
                 TfidfVectorizer(tokenizer=<__main__.StemmerTokenizer object at 0x7f9b6abc46d0>)),
                ('model', MultinomialNB(alpha=0.1))])
2021-12-12 01:48:19,679 [DEBUG] Best parameters:
2021-12-12 01:48:19,680 [DEBUG] {'model__alpha': 0.1, 'vectorizer__ngram_range': (1, 1), 'vectorizer__tokenizer': <__main__.StemmerTokenizer object at 0x7f9b831c6c40>}
2021-12-12 01:48:19,681 [DEBUG] Best (f1) score:
2021-12-12 01:48:19,682 [DEBUG] 0.9868548685671973
2021-12-12 01:50:17,851 [DEBUG] Val set results of the best classifier:
2021-12-12 01:50:18,771 [DEBUG]               precision    recall  f1-score   support

           0       0.98      0.96      0.97        56
           1       1.00      1.00      1.00        36
           2       0.97      0.97      0.97        40
           3       1.00      1.00      1.00        54
           4       0.97      1.00      0.99        36

    accuracy                           0.99       222
   macro avg       0.99      0.99      0.99       222
weighted avg       0.99      0.99      0.99       222

2021-12-12 01:50:18,885 [DEBUG] [[54  0  1  0  1]
 [ 0 36  0  0  0]
 [ 1  0 39  0  0]
 [ 0  0  0 54  0]
 [ 0  0  0  0 36]]
2021-12-12 01:52:16,391 [DEBUG] Test set results of the best classifier (DO NOT USE THESE RESULTS TO CHOOSE DA, ONLY TO REPORT):
2021-12-12 01:52:16,868 [DEBUG]               precision    recall  f1-score   support

           0       0.98      0.97      0.97        59
           1       0.94      0.89      0.91        36
           2       1.00      0.94      0.97        36
           3       0.98      1.00      0.99        48
           4       0.88      0.95      0.91        44

    accuracy                           0.96       223
   macro avg       0.96      0.95      0.95       223
weighted avg       0.96      0.96      0.96       223

2021-12-12 01:52:16,931 [DEBUG] [[57  0  0  0  2]
 [ 0 32  0  0  4]
 [ 1  0 34  1  0]
 [ 0  0  0 48  0]
 [ 0  2  0  0 42]]
2021-12-12 01:52:16,991 [DEBUG] ---------------Starting training for logistic---------------
2021-12-12 12:08:08,502 [INFO] Starting articles training
2021-12-12 12:08:08,525 [INFO] ------------------------------------------------------------------------------------------------------------------------
2021-12-12 12:08:08,527 [INFO] Starting training for articles with augmentation 9
2021-12-12 12:08:08,528 [INFO] Augmentation features: {'num_samples': 5, 'augmentation_type': 'synonym_wordnet', 'aug_max': None, 'aug_p': 0.75}
2021-12-12 12:08:13,361 [DEBUG] ---------------Starting training for nb---------------
2021-12-12 12:34:33,863 [DEBUG] Results of the grid search for the model:
2021-12-12 12:34:33,864 [DEBUG] Best estimator:
2021-12-12 12:34:33,874 [DEBUG] Pipeline(steps=[('vectorizer',
                 TfidfVectorizer(tokenizer=<__main__.StemmerTokenizer object at 0x7fb7f1848f40>)),
                ('model', MultinomialNB(alpha=0.1))])
2021-12-12 12:34:33,875 [DEBUG] Best parameters:
2021-12-12 12:34:33,876 [DEBUG] {'model__alpha': 0.1, 'vectorizer__ngram_range': (1, 1), 'vectorizer__tokenizer': <__main__.StemmerTokenizer object at 0x7fb7f25fbdc0>}
2021-12-12 12:34:33,877 [DEBUG] Best (f1) score:
2021-12-12 12:34:33,878 [DEBUG] 0.9868548685671973
2021-12-12 12:36:30,322 [DEBUG] Val set results of the best classifier:
2021-12-12 12:36:31,348 [DEBUG]               precision    recall  f1-score   support

           0       0.98      0.96      0.97        56
           1       1.00      1.00      1.00        36
           2       0.97      0.97      0.97        40
           3       1.00      1.00      1.00        54
           4       0.97      1.00      0.99        36

    accuracy                           0.99       222
   macro avg       0.99      0.99      0.99       222
weighted avg       0.99      0.99      0.99       222

2021-12-12 12:36:31,479 [DEBUG] [[54  0  1  0  1]
 [ 0 36  0  0  0]
 [ 1  0 39  0  0]
 [ 0  0  0 54  0]
 [ 0  0  0  0 36]]
2021-12-12 12:38:26,862 [DEBUG] Test set results of the best classifier (DO NOT USE THESE RESULTS TO CHOOSE DA, ONLY TO REPORT):
2021-12-12 12:38:27,338 [DEBUG]               precision    recall  f1-score   support

           0       0.98      0.97      0.97        59
           1       0.94      0.89      0.91        36
           2       1.00      0.94      0.97        36
           3       0.98      1.00      0.99        48
           4       0.88      0.95      0.91        44

    accuracy                           0.96       223
   macro avg       0.96      0.95      0.95       223
weighted avg       0.96      0.96      0.96       223

2021-12-12 12:38:27,403 [DEBUG] [[57  0  0  0  2]
 [ 0 32  0  0  4]
 [ 1  0 34  1  0]
 [ 0  0  0 48  0]
 [ 0  2  0  0 42]]
2021-12-12 12:38:27,471 [DEBUG] ---------------Starting training for logistic---------------
2021-12-12 13:33:04,890 [INFO] Starting articles training
2021-12-12 13:33:04,911 [INFO] ------------------------------------------------------------------------------------------------------------------------
2021-12-12 13:33:04,912 [INFO] Starting training for articles with augmentation 9
2021-12-12 13:33:04,913 [INFO] Augmentation features: {'num_samples': 5, 'augmentation_type': 'synonym_wordnet', 'aug_max': None, 'aug_p': 0.75}
2021-12-12 13:33:09,904 [DEBUG] ---------------Starting training for nb---------------
2021-12-12 13:59:12,751 [DEBUG] Results of the grid search for the model:
2021-12-12 13:59:12,753 [DEBUG] Best estimator:
2021-12-12 13:59:12,775 [DEBUG] Pipeline(steps=[('vectorizer',
                 TfidfVectorizer(tokenizer=<__main__.StemmerTokenizer object at 0x7fc5a7cd6eb0>)),
                ('model', MultinomialNB(alpha=0.1))])
2021-12-12 13:59:12,777 [DEBUG] Best parameters:
2021-12-12 13:59:12,778 [DEBUG] {'model__alpha': 0.1, 'vectorizer__ngram_range': (1, 1), 'vectorizer__tokenizer': <__main__.StemmerTokenizer object at 0x7fc5aca9bdc0>}
2021-12-12 13:59:12,779 [DEBUG] Best (f1) score:
2021-12-12 13:59:12,781 [DEBUG] 0.9868548685671973
2021-12-12 14:01:06,268 [DEBUG] Val set results of the best classifier:
2021-12-12 14:01:07,180 [DEBUG]               precision    recall  f1-score   support

           0       0.98      0.96      0.97        56
           1       1.00      1.00      1.00        36
           2       0.97      0.97      0.97        40
           3       1.00      1.00      1.00        54
           4       0.97      1.00      0.99        36

    accuracy                           0.99       222
   macro avg       0.99      0.99      0.99       222
weighted avg       0.99      0.99      0.99       222

2021-12-12 14:01:07,316 [DEBUG] [[54  0  1  0  1]
 [ 0 36  0  0  0]
 [ 1  0 39  0  0]
 [ 0  0  0 54  0]
 [ 0  0  0  0 36]]
2021-12-12 14:03:02,447 [DEBUG] Test set results of the best classifier (DO NOT USE THESE RESULTS TO CHOOSE DA, ONLY TO REPORT):
2021-12-12 14:03:02,931 [DEBUG]               precision    recall  f1-score   support

           0       0.98      0.97      0.97        59
           1       0.94      0.89      0.91        36
           2       1.00      0.94      0.97        36
           3       0.98      1.00      0.99        48
           4       0.88      0.95      0.91        44

    accuracy                           0.96       223
   macro avg       0.96      0.95      0.95       223
weighted avg       0.96      0.96      0.96       223

2021-12-12 14:03:02,996 [DEBUG] [[57  0  0  0  2]
 [ 0 32  0  0  4]
 [ 1  0 34  1  0]
 [ 0  0  0 48  0]
 [ 0  2  0  0 42]]
2021-12-12 14:03:03,072 [DEBUG] ---------------Starting training for logistic---------------
2021-12-12 14:43:48,527 [DEBUG] Results of the grid search for the model:
2021-12-12 14:43:48,529 [DEBUG] Best estimator:
2021-12-12 14:43:48,536 [DEBUG] Pipeline(steps=[('vectorizer',
                 TfidfVectorizer(ngram_range=(1, 2),
                                 tokenizer=<__main__.StemmerTokenizer object at 0x7fc5a7dd0880>)),
                ('model', LogisticRegression(C=1, n_jobs=-1, random_state=42))])
2021-12-12 14:43:48,537 [DEBUG] Best parameters:
2021-12-12 14:43:48,539 [DEBUG] {'model__C': 1, 'model__n_jobs': -1, 'model__penalty': 'l2', 'model__random_state': 42, 'model__solver': 'lbfgs', 'vectorizer__ngram_range': (1, 2), 'vectorizer__tokenizer': <__main__.StemmerTokenizer object at 0x7fc5a7cd6700>}
2021-12-12 14:43:48,540 [DEBUG] Best (f1) score:
2021-12-12 14:43:48,541 [DEBUG] 0.9630450174945586
2021-12-12 14:48:00,105 [DEBUG] Val set results of the best classifier:
2021-12-12 14:48:01,868 [DEBUG]               precision    recall  f1-score   support

           0       0.96      0.95      0.95        56
           1       0.97      0.97      0.97        36
           2       0.93      0.93      0.93        40
           3       0.98      1.00      0.99        54
           4       0.97      0.97      0.97        36

    accuracy                           0.96       222
   macro avg       0.96      0.96      0.96       222
weighted avg       0.96      0.96      0.96       222

2021-12-12 14:48:02,087 [DEBUG] [[53  0  2  0  1]
 [ 0 35  1  0  0]
 [ 2  0 37  1  0]
 [ 0  0  0 54  0]
 [ 0  1  0  0 35]]
2021-12-12 14:52:17,623 [DEBUG] Test set results of the best classifier (DO NOT USE THESE RESULTS TO CHOOSE DA, ONLY TO REPORT):
2021-12-12 14:52:19,004 [DEBUG]               precision    recall  f1-score   support

           0       0.94      1.00      0.97        59
           1       1.00      0.94      0.97        36
           2       0.97      0.94      0.96        36
           3       1.00      1.00      1.00        48
           4       1.00      0.98      0.99        44

    accuracy                           0.98       223
   macro avg       0.98      0.97      0.98       223
weighted avg       0.98      0.98      0.98       223

2021-12-12 14:52:19,179 [DEBUG] [[59  0  0  0  0]
 [ 1 34  1  0  0]
 [ 2  0 34  0  0]
 [ 0  0  0 48  0]
 [ 1  0  0  0 43]]
2021-12-12 14:52:20,615 [INFO] ------------------------------------------------------------------------------------------------------------------------
2021-12-12 14:52:20,616 [INFO] Starting training for articles with augmentation 11
2021-12-12 14:52:20,617 [INFO] Augmentation features: {'num_samples': 5, 'augmentation_type': 'contextual_word_embeddings', 'aug_max': None, 'aug_p': 0.25, 'model_path': 'distilbert-base-uncased'}
2021-12-12 14:52:24,860 [DEBUG] ---------------Starting training for nb---------------
2021-12-12 15:15:06,318 [DEBUG] Results of the grid search for the model:
2021-12-12 15:15:06,319 [DEBUG] Best estimator:
2021-12-12 15:15:06,322 [DEBUG] Pipeline(steps=[('vectorizer',
                 TfidfVectorizer(tokenizer=<__main__.StemmerTokenizer object at 0x7fc5a7dd0730>)),
                ('model', MultinomialNB(alpha=0.1))])
2021-12-12 15:15:06,323 [DEBUG] Best parameters:
2021-12-12 15:15:06,323 [DEBUG] {'model__alpha': 0.1, 'vectorizer__ngram_range': (1, 1), 'vectorizer__tokenizer': <__main__.StemmerTokenizer object at 0x7fc5aca9ba00>}
2021-12-12 15:15:06,324 [DEBUG] Best (f1) score:
2021-12-12 15:15:06,325 [DEBUG] 0.9690540265035678
2021-12-12 15:16:53,177 [DEBUG] Val set results of the best classifier:
2021-12-12 15:16:53,887 [DEBUG]               precision    recall  f1-score   support

           0       0.98      0.91      0.94        56
           1       1.00      1.00      1.00        36
           2       0.95      0.95      0.95        40
           3       0.98      1.00      0.99        54
           4       0.92      1.00      0.96        36

    accuracy                           0.97       222
   macro avg       0.97      0.97      0.97       222
weighted avg       0.97      0.97      0.97       222

2021-12-12 15:16:53,979 [DEBUG] [[51  0  2  0  3]
 [ 0 36  0  0  0]
 [ 1  0 38  1  0]
 [ 0  0  0 54  0]
 [ 0  0  0  0 36]]
2021-12-12 15:18:41,110 [DEBUG] Test set results of the best classifier (DO NOT USE THESE RESULTS TO CHOOSE DA, ONLY TO REPORT):
2021-12-12 15:18:41,610 [DEBUG]               precision    recall  f1-score   support

           0       0.98      0.97      0.97        59
           1       0.94      0.94      0.94        36
           2       0.97      0.97      0.97        36
           3       1.00      1.00      1.00        48
           4       0.93      0.95      0.94        44

    accuracy                           0.97       223
   macro avg       0.97      0.97      0.97       223
weighted avg       0.97      0.97      0.97       223

2021-12-12 15:18:41,677 [DEBUG] [[57  0  0  0  2]
 [ 0 34  1  0  1]
 [ 1  0 35  0  0]
 [ 0  0  0 48  0]
 [ 0  2  0  0 42]]
2021-12-12 15:18:41,764 [DEBUG] ---------------Starting training for logistic---------------
2021-12-12 15:52:20,199 [DEBUG] Results of the grid search for the model:
2021-12-12 15:52:20,200 [DEBUG] Best estimator:
2021-12-12 15:52:20,205 [DEBUG] Pipeline(steps=[('vectorizer',
                 TfidfVectorizer(tokenizer=<__main__.WordTokenizer object at 0x7fc594f6f160>)),
                ('model', LogisticRegression(C=1, n_jobs=-1, random_state=42))])
2021-12-12 15:52:20,206 [DEBUG] Best parameters:
2021-12-12 15:52:20,207 [DEBUG] {'model__C': 1, 'model__n_jobs': -1, 'model__penalty': 'l2', 'model__random_state': 42, 'model__solver': 'lbfgs', 'vectorizer__ngram_range': (1, 1), 'vectorizer__tokenizer': <__main__.WordTokenizer object at 0x7fc5a7cd6970>}
2021-12-12 15:52:20,208 [DEBUG] Best (f1) score:
2021-12-12 15:52:20,209 [DEBUG] 0.9781526843145544
2021-12-12 15:53:26,036 [DEBUG] Val set results of the best classifier:
2021-12-12 15:53:27,375 [DEBUG]               precision    recall  f1-score   support

           0       0.98      0.95      0.96        56
           1       1.00      1.00      1.00        36
           2       0.95      0.95      0.95        40
           3       0.98      1.00      0.99        54
           4       0.97      1.00      0.99        36

    accuracy                           0.98       222
   macro avg       0.98      0.98      0.98       222
weighted avg       0.98      0.98      0.98       222

2021-12-12 15:53:27,541 [DEBUG] [[53  0  2  0  1]
 [ 0 36  0  0  0]
 [ 1  0 38  1  0]
 [ 0  0  0 54  0]
 [ 0  0  0  0 36]]
2021-12-12 15:54:33,717 [DEBUG] Test set results of the best classifier (DO NOT USE THESE RESULTS TO CHOOSE DA, ONLY TO REPORT):
2021-12-12 15:54:34,866 [DEBUG]               precision    recall  f1-score   support

           0       0.95      1.00      0.98        59
           1       1.00      0.92      0.96        36
           2       0.94      0.94      0.94        36
           3       0.98      1.00      0.99        48
           4       0.98      0.95      0.97        44

    accuracy                           0.97       223
   macro avg       0.97      0.96      0.97       223
weighted avg       0.97      0.97      0.97       223

2021-12-12 15:54:35,012 [DEBUG] [[59  0  0  0  0]
 [ 1 33  1  0  1]
 [ 2  0 34  0  0]
 [ 0  0  0 48  0]
 [ 0  0  1  1 42]]
2021-12-12 15:54:35,101 [INFO] ------------------------------------------------------------------------------------------------------------------------
2021-12-12 15:54:35,102 [INFO] Starting training for articles with augmentation 12
2021-12-12 15:54:35,103 [INFO] Augmentation features: {'num_samples': 5, 'augmentation_type': 'contextual_word_embeddings', 'aug_max': None, 'aug_p': 0.5, 'model_path': 'distilbert-base-uncased'}
2021-12-12 15:54:39,155 [DEBUG] ---------------Starting training for nb---------------
2021-12-12 16:17:58,178 [DEBUG] Results of the grid search for the model:
2021-12-12 16:17:58,179 [DEBUG] Best estimator:
2021-12-12 16:17:58,182 [DEBUG] Pipeline(steps=[('vectorizer',
                 TfidfVectorizer(tokenizer=<__main__.LemmaTokenizer object at 0x7fc594f6f550>)),
                ('model', MultinomialNB(alpha=0.1))])
2021-12-12 16:17:58,183 [DEBUG] Best parameters:
2021-12-12 16:17:58,184 [DEBUG] {'model__alpha': 0.1, 'vectorizer__ngram_range': (1, 1), 'vectorizer__tokenizer': <__main__.LemmaTokenizer object at 0x7fc5a7cd6e50>}
2021-12-12 16:17:58,185 [DEBUG] Best (f1) score:
2021-12-12 16:17:58,186 [DEBUG] 0.9602060136695055
2021-12-12 16:19:03,958 [DEBUG] Val set results of the best classifier:
2021-12-12 16:19:04,668 [DEBUG]               precision    recall  f1-score   support

           0       1.00      0.86      0.92        56
           1       1.00      1.00      1.00        36
           2       0.91      0.97      0.94        40
           3       0.98      1.00      0.99        54
           4       0.90      1.00      0.95        36

    accuracy                           0.96       222
   macro avg       0.96      0.97      0.96       222
weighted avg       0.96      0.96      0.96       222

2021-12-12 16:19:04,772 [DEBUG] [[48  0  4  0  4]
 [ 0 36  0  0  0]
 [ 0  0 39  1  0]
 [ 0  0  0 54  0]
 [ 0  0  0  0 36]]
2021-12-12 16:20:10,460 [DEBUG] Test set results of the best classifier (DO NOT USE THESE RESULTS TO CHOOSE DA, ONLY TO REPORT):
2021-12-12 16:20:10,976 [DEBUG]               precision    recall  f1-score   support

           0       1.00      0.97      0.98        59
           1       0.94      0.94      0.94        36
           2       0.95      1.00      0.97        36
           3       1.00      1.00      1.00        48
           4       0.93      0.93      0.93        44

    accuracy                           0.97       223
   macro avg       0.96      0.97      0.97       223
weighted avg       0.97      0.97      0.97       223

2021-12-12 16:20:11,045 [DEBUG] [[57  0  0  0  2]
 [ 0 34  1  0  1]
 [ 0  0 36  0  0]
 [ 0  0  0 48  0]
 [ 0  2  1  0 41]]
2021-12-12 16:20:11,152 [DEBUG] ---------------Starting training for logistic---------------
2021-12-12 16:58:20,988 [DEBUG] Results of the grid search for the model:
2021-12-12 16:58:20,989 [DEBUG] Best estimator:
2021-12-12 16:58:20,993 [DEBUG] Pipeline(steps=[('vectorizer',
                 TfidfVectorizer(tokenizer=<__main__.WordTokenizer object at 0x7fc594f6f520>)),
                ('model', LogisticRegression(C=1, n_jobs=-1, random_state=42))])
2021-12-12 16:58:20,994 [DEBUG] Best parameters:
2021-12-12 16:58:20,995 [DEBUG] {'model__C': 1, 'model__n_jobs': -1, 'model__penalty': 'l2', 'model__random_state': 42, 'model__solver': 'lbfgs', 'vectorizer__ngram_range': (1, 1), 'vectorizer__tokenizer': <__main__.WordTokenizer object at 0x7fc5a7cd6d60>}
2021-12-12 16:58:20,995 [DEBUG] Best (f1) score:
2021-12-12 16:58:20,996 [DEBUG] 0.9781526843145544
2021-12-12 16:59:32,124 [DEBUG] Val set results of the best classifier:
2021-12-12 16:59:33,519 [DEBUG]               precision    recall  f1-score   support

           0       0.98      0.95      0.96        56
           1       1.00      1.00      1.00        36
           2       0.95      0.95      0.95        40
           3       0.98      1.00      0.99        54
           4       0.97      1.00      0.99        36

    accuracy                           0.98       222
   macro avg       0.98      0.98      0.98       222
weighted avg       0.98      0.98      0.98       222

2021-12-12 16:59:33,695 [DEBUG] [[53  0  2  0  1]
 [ 0 36  0  0  0]
 [ 1  0 38  1  0]
 [ 0  0  0 54  0]
 [ 0  0  0  0 36]]
2021-12-12 17:00:45,918 [DEBUG] Test set results of the best classifier (DO NOT USE THESE RESULTS TO CHOOSE DA, ONLY TO REPORT):
2021-12-12 17:00:47,125 [DEBUG]               precision    recall  f1-score   support

           0       0.95      1.00      0.98        59
           1       0.94      0.92      0.93        36
           2       0.94      0.94      0.94        36
           3       0.98      1.00      0.99        48
           4       0.98      0.91      0.94        44

    accuracy                           0.96       223
   macro avg       0.96      0.95      0.96       223
weighted avg       0.96      0.96      0.96       223

2021-12-12 17:00:47,279 [DEBUG] [[59  0  0  0  0]
 [ 1 33  1  0  1]
 [ 2  0 34  0  0]
 [ 0  0  0 48  0]
 [ 0  2  1  1 40]]
2021-12-12 17:00:47,375 [INFO] ------------------------------------------------------------------------------------------------------------------------
2021-12-12 17:00:47,376 [INFO] Starting training for articles with augmentation 13
2021-12-12 17:00:47,377 [INFO] Augmentation features: {'num_samples': 5, 'augmentation_type': 'contextual_word_embeddings', 'aug_max': None, 'aug_p': 0.75, 'model_path': 'distilbert-base-uncased'}
2021-12-12 17:00:51,629 [DEBUG] ---------------Starting training for nb---------------
2021-12-12 17:26:33,816 [DEBUG] Results of the grid search for the model:
2021-12-12 17:26:33,817 [DEBUG] Best estimator:
2021-12-12 17:26:33,821 [DEBUG] Pipeline(steps=[('vectorizer',
                 TfidfVectorizer(tokenizer=<__main__.StemmerTokenizer object at 0x7fc594f6f7c0>)),
                ('model', MultinomialNB(alpha=0.1))])
2021-12-12 17:26:33,822 [DEBUG] Best parameters:
2021-12-12 17:26:33,823 [DEBUG] {'model__alpha': 0.1, 'vectorizer__ngram_range': (1, 1), 'vectorizer__tokenizer': <__main__.StemmerTokenizer object at 0x7fc5a7cd6130>}
2021-12-12 17:26:33,824 [DEBUG] Best (f1) score:
2021-12-12 17:26:33,825 [DEBUG] 0.9602060136695055
2021-12-12 17:28:27,326 [DEBUG] Val set results of the best classifier:
2021-12-12 17:28:28,039 [DEBUG]               precision    recall  f1-score   support

           0       1.00      0.86      0.92        56
           1       1.00      1.00      1.00        36
           2       0.91      0.97      0.94        40
           3       0.98      1.00      0.99        54
           4       0.90      1.00      0.95        36

    accuracy                           0.96       222
   macro avg       0.96      0.97      0.96       222
weighted avg       0.96      0.96      0.96       222

2021-12-12 17:28:28,133 [DEBUG] [[48  0  4  0  4]
 [ 0 36  0  0  0]
 [ 0  0 39  1  0]
 [ 0  0  0 54  0]
 [ 0  0  0  0 36]]
2021-12-12 17:30:22,505 [DEBUG] Test set results of the best classifier (DO NOT USE THESE RESULTS TO CHOOSE DA, ONLY TO REPORT):
2021-12-12 17:30:23,012 [DEBUG]               precision    recall  f1-score   support

           0       1.00      0.97      0.98        59
           1       0.94      0.92      0.93        36
           2       0.97      1.00      0.99        36
           3       1.00      1.00      1.00        48
           4       0.89      0.93      0.91        44

    accuracy                           0.96       223
   macro avg       0.96      0.96      0.96       223
weighted avg       0.96      0.96      0.96       223

2021-12-12 17:30:23,080 [DEBUG] [[57  0  0  0  2]
 [ 0 33  0  0  3]
 [ 0  0 36  0  0]
 [ 0  0  0 48  0]
 [ 0  2  1  0 41]]
2021-12-12 17:30:23,198 [DEBUG] ---------------Starting training for logistic---------------
2021-12-12 18:12:30,091 [DEBUG] Results of the grid search for the model:
2021-12-12 18:12:30,095 [DEBUG] Best estimator:
2021-12-12 18:12:30,101 [DEBUG] Pipeline(steps=[('vectorizer',
                 TfidfVectorizer(tokenizer=<__main__.WordTokenizer object at 0x7fc594f6f550>)),
                ('model', LogisticRegression(C=1, n_jobs=-1, random_state=42))])
2021-12-12 18:12:30,102 [DEBUG] Best parameters:
2021-12-12 18:12:30,103 [DEBUG] {'model__C': 1, 'model__n_jobs': -1, 'model__penalty': 'l2', 'model__random_state': 42, 'model__solver': 'lbfgs', 'vectorizer__ngram_range': (1, 1), 'vectorizer__tokenizer': <__main__.WordTokenizer object at 0x7fc5a7cd6f40>}
2021-12-12 18:12:30,105 [DEBUG] Best (f1) score:
2021-12-12 18:12:30,106 [DEBUG] 0.9735854202826679
2021-12-12 18:13:44,382 [DEBUG] Val set results of the best classifier:
2021-12-12 18:13:45,790 [DEBUG]               precision    recall  f1-score   support

           0       0.98      0.93      0.95        56
           1       1.00      1.00      1.00        36
           2       0.95      0.95      0.95        40
           3       0.98      1.00      0.99        54
           4       0.95      1.00      0.97        36

    accuracy                           0.97       222
   macro avg       0.97      0.98      0.97       222
weighted avg       0.97      0.97      0.97       222

2021-12-12 18:13:45,967 [DEBUG] [[52  0  2  0  2]
 [ 0 36  0  0  0]
 [ 1  0 38  1  0]
 [ 0  0  0 54  0]
 [ 0  0  0  0 36]]
2021-12-12 18:15:00,049 [DEBUG] Test set results of the best classifier (DO NOT USE THESE RESULTS TO CHOOSE DA, ONLY TO REPORT):
2021-12-12 18:15:01,267 [DEBUG]               precision    recall  f1-score   support

           0       0.95      1.00      0.98        59
           1       0.94      0.89      0.91        36
           2       0.94      0.94      0.94        36
           3       0.98      1.00      0.99        48
           4       0.95      0.91      0.93        44

    accuracy                           0.96       223
   macro avg       0.95      0.95      0.95       223
weighted avg       0.95      0.96      0.95       223

2021-12-12 18:15:01,420 [DEBUG] [[59  0  0  0  0]
 [ 1 32  1  0  2]
 [ 2  0 34  0  0]
 [ 0  0  0 48  0]
 [ 0  2  1  1 40]]
