2021-12-15 23:02:15,688 [INFO] Starting polarity training
2021-12-15 23:02:15,700 [INFO] ------------------------------------------------------------------------------------------------------------------------
2021-12-15 23:02:15,701 [INFO] Starting training for polarity with augmentation 0
2021-12-15 23:02:15,702 [INFO] Augmentation features: {'num_samples': 0, 'augmentation_type': 'none'}
2021-12-15 23:02:15,843 [DEBUG] ---------------Starting training for nb---------------
2021-12-15 23:02:23,994 [DEBUG] Results of the grid search for the model:
2021-12-15 23:02:23,995 [DEBUG] Best estimator:
2021-12-15 23:02:24,004 [DEBUG] Pipeline(steps=[('vectorizer',
                 TfidfVectorizer(ngram_range=(1, 2),
                                 tokenizer=<__main__.WordTokenizer object at 0x7fb0f6b66a00>)),
                ('model', MultinomialNB(alpha=0.1))])
2021-12-15 23:02:24,005 [DEBUG] Best parameters:
2021-12-15 23:02:24,006 [DEBUG] {'model__alpha': 0.1, 'vectorizer__ngram_range': (1, 2), 'vectorizer__tokenizer': <__main__.WordTokenizer object at 0x7fb0f7ab0d00>}
2021-12-15 23:02:24,007 [DEBUG] Best (f1) score:
2021-12-15 23:02:24,008 [DEBUG] 0.7680426312029184
2021-12-15 23:02:26,299 [DEBUG] Val set results of the best classifier:
2021-12-15 23:02:26,397 [DEBUG]               precision    recall  f1-score   support

           0       0.76      0.79      0.78       538
           1       0.78      0.74      0.76       528

    accuracy                           0.77      1066
   macro avg       0.77      0.77      0.77      1066
weighted avg       0.77      0.77      0.77      1066

2021-12-15 23:02:26,411 [DEBUG] [[427 111]
 [136 392]]
2021-12-15 23:02:28,950 [DEBUG] Test set results of the best classifier (DO NOT USE THESE RESULTS TO CHOOSE DA, ONLY TO REPORT):
2021-12-15 23:02:29,045 [DEBUG]               precision    recall  f1-score   support

           0       0.80      0.80      0.80       524
           1       0.80      0.81      0.81       543

    accuracy                           0.80      1067
   macro avg       0.80      0.80      0.80      1067
weighted avg       0.80      0.80      0.80      1067

2021-12-15 23:02:29,058 [DEBUG] [[417 107]
 [102 441]]
2021-12-15 23:02:29,114 [DEBUG] ---------------Starting training for logistic---------------
2021-12-15 23:02:38,175 [DEBUG] Results of the grid search for the model:
2021-12-15 23:02:38,177 [DEBUG] Best estimator:
2021-12-15 23:02:38,182 [DEBUG] Pipeline(steps=[('vectorizer',
                 TfidfVectorizer(ngram_range=(1, 2),
                                 tokenizer=<__main__.WordTokenizer object at 0x7fb0f5804490>)),
                ('model', LogisticRegression(C=1, n_jobs=-1, random_state=42))])
2021-12-15 23:02:38,183 [DEBUG] Best parameters:
2021-12-15 23:02:38,184 [DEBUG] {'model__C': 1, 'model__n_jobs': -1, 'model__penalty': 'l2', 'model__random_state': 42, 'model__solver': 'lbfgs', 'vectorizer__ngram_range': (1, 2), 'vectorizer__tokenizer': <__main__.WordTokenizer object at 0x7fb0f5d1ab20>}
2021-12-15 23:02:38,185 [DEBUG] Best (f1) score:
2021-12-15 23:02:38,186 [DEBUG] 0.7569738404513114
2021-12-15 23:02:41,309 [DEBUG] Val set results of the best classifier:
2021-12-15 23:02:41,457 [DEBUG]               precision    recall  f1-score   support

           0       0.77      0.73      0.75       538
           1       0.74      0.78      0.76       528

    accuracy                           0.76      1066
   macro avg       0.76      0.76      0.76      1066
weighted avg       0.76      0.76      0.76      1066

2021-12-15 23:02:41,476 [DEBUG] [[395 143]
 [116 412]]
2021-12-15 23:02:44,999 [DEBUG] Test set results of the best classifier (DO NOT USE THESE RESULTS TO CHOOSE DA, ONLY TO REPORT):
2021-12-15 23:02:45,143 [DEBUG]               precision    recall  f1-score   support

           0       0.78      0.74      0.76       524
           1       0.76      0.79      0.78       543

    accuracy                           0.77      1067
   macro avg       0.77      0.77      0.77      1067
weighted avg       0.77      0.77      0.77      1067

2021-12-15 23:02:45,161 [DEBUG] [[387 137]
 [112 431]]
2021-12-15 23:02:45,209 [DEBUG] ---------------Starting training for svm---------------
2021-12-15 23:03:53,980 [DEBUG] Results of the grid search for the model:
2021-12-15 23:03:53,981 [DEBUG] Best estimator:
2021-12-15 23:03:53,985 [DEBUG] Pipeline(steps=[('vectorizer',
                 TfidfVectorizer(ngram_range=(1, 2),
                                 tokenizer=<__main__.WordTokenizer object at 0x7fb0f5804b80>)),
                ('model', SVC(C=1, random_state=42))])
2021-12-15 23:03:53,986 [DEBUG] Best parameters:
2021-12-15 23:03:53,987 [DEBUG] {'model__C': 1, 'model__kernel': 'rbf', 'model__random_state': 42, 'vectorizer__ngram_range': (1, 2), 'vectorizer__tokenizer': <__main__.WordTokenizer object at 0x7fb0f5d1aa30>}
2021-12-15 23:03:53,988 [DEBUG] Best (f1) score:
2021-12-15 23:03:53,989 [DEBUG] 0.7711069418386493
2021-12-15 23:04:23,263 [DEBUG] Val set results of the best classifier:
2021-12-15 23:04:23,411 [DEBUG]               precision    recall  f1-score   support

           0       0.78      0.76      0.77       538
           1       0.76      0.78      0.77       528

    accuracy                           0.77      1066
   macro avg       0.77      0.77      0.77      1066
weighted avg       0.77      0.77      0.77      1066

2021-12-15 23:04:23,430 [DEBUG] [[411 127]
 [117 411]]
2021-12-15 23:05:05,009 [DEBUG] Test set results of the best classifier (DO NOT USE THESE RESULTS TO CHOOSE DA, ONLY TO REPORT):
2021-12-15 23:05:05,170 [DEBUG]               precision    recall  f1-score   support

           0       0.77      0.75      0.76       524
           1       0.77      0.78      0.77       543

    accuracy                           0.77      1067
   macro avg       0.77      0.77      0.77      1067
weighted avg       0.77      0.77      0.77      1067

2021-12-15 23:05:05,190 [DEBUG] [[395 129]
 [118 425]]
2021-12-15 23:05:05,251 [INFO] ------------------------------------------------------------------------------------------------------------------------
2021-12-15 23:05:05,252 [INFO] Starting training for polarity with augmentation 1
2021-12-15 23:05:05,253 [INFO] Augmentation features: {'num_samples': 5, 'augmentation_type': 'random_swap', 'aug_max': None, 'aug_p': 0.25}
2021-12-15 23:05:05,739 [DEBUG] ---------------Starting training for nb---------------
2021-12-15 23:05:30,242 [DEBUG] Results of the grid search for the model:
2021-12-15 23:05:30,243 [DEBUG] Best estimator:
2021-12-15 23:05:30,246 [DEBUG] Pipeline(steps=[('vectorizer',
                 TfidfVectorizer(ngram_range=(1, 2),
                                 tokenizer=<__main__.WordTokenizer object at 0x7fb0f6b3af70>)),
                ('model', MultinomialNB(alpha=0.1))])
2021-12-15 23:05:30,247 [DEBUG] Best parameters:
2021-12-15 23:05:30,248 [DEBUG] {'model__alpha': 0.1, 'vectorizer__ngram_range': (1, 2), 'vectorizer__tokenizer': <__main__.WordTokenizer object at 0x7fb0f5d1af10>}
2021-12-15 23:05:30,249 [DEBUG] Best (f1) score:
2021-12-15 23:05:30,249 [DEBUG] 0.7569584373170656
2021-12-15 23:05:42,326 [DEBUG] Val set results of the best classifier:
2021-12-15 23:05:42,423 [DEBUG]               precision    recall  f1-score   support

           0       0.76      0.77      0.76       538
           1       0.76      0.75      0.75       528

    accuracy                           0.76      1066
   macro avg       0.76      0.76      0.76      1066
weighted avg       0.76      0.76      0.76      1066

2021-12-15 23:05:42,436 [DEBUG] [[413 125]
 [134 394]]
2021-12-15 23:05:54,697 [DEBUG] Test set results of the best classifier (DO NOT USE THESE RESULTS TO CHOOSE DA, ONLY TO REPORT):
2021-12-15 23:05:54,791 [DEBUG]               precision    recall  f1-score   support

           0       0.78      0.78      0.78       524
           1       0.79      0.79      0.79       543

    accuracy                           0.78      1067
   macro avg       0.78      0.78      0.78      1067
weighted avg       0.78      0.78      0.78      1067

2021-12-15 23:05:54,803 [DEBUG] [[407 117]
 [115 428]]
2021-12-15 23:05:54,918 [DEBUG] ---------------Starting training for logistic---------------
2021-12-15 23:06:25,562 [DEBUG] Results of the grid search for the model:
2021-12-15 23:06:25,563 [DEBUG] Best estimator:
2021-12-15 23:06:25,567 [DEBUG] Pipeline(steps=[('vectorizer',
                 TfidfVectorizer(ngram_range=(1, 2),
                                 tokenizer=<__main__.WordTokenizer object at 0x7fb0f58047c0>)),
                ('model', LogisticRegression(C=1, n_jobs=-1, random_state=42))])
2021-12-15 23:06:25,568 [DEBUG] Best parameters:
2021-12-15 23:06:25,569 [DEBUG] {'model__C': 1, 'model__n_jobs': -1, 'model__penalty': 'l2', 'model__random_state': 42, 'model__solver': 'lbfgs', 'vectorizer__ngram_range': (1, 2), 'vectorizer__tokenizer': <__main__.WordTokenizer object at 0x7fb0f7ab0c40>}
2021-12-15 23:06:25,570 [DEBUG] Best (f1) score:
2021-12-15 23:06:25,571 [DEBUG] 0.776707163803938
2021-12-15 23:06:38,928 [DEBUG] Val set results of the best classifier:
2021-12-15 23:06:39,077 [DEBUG]               precision    recall  f1-score   support

           0       0.79      0.76      0.77       538
           1       0.76      0.80      0.78       528

    accuracy                           0.78      1066
   macro avg       0.78      0.78      0.78      1066
weighted avg       0.78      0.78      0.78      1066

2021-12-15 23:06:39,097 [DEBUG] [[408 130]
 [108 420]]
2021-12-15 23:06:56,334 [DEBUG] Test set results of the best classifier (DO NOT USE THESE RESULTS TO CHOOSE DA, ONLY TO REPORT):
2021-12-15 23:06:56,482 [DEBUG]               precision    recall  f1-score   support

           0       0.77      0.77      0.77       524
           1       0.78      0.78      0.78       543

    accuracy                           0.78      1067
   macro avg       0.78      0.78      0.78      1067
weighted avg       0.78      0.78      0.78      1067

2021-12-15 23:06:56,501 [DEBUG] [[402 122]
 [117 426]]
2021-12-15 23:06:56,603 [DEBUG] ---------------Starting training for svm---------------
2021-12-15 23:26:18,971 [INFO] Starting polarity training
2021-12-15 23:26:18,978 [INFO] ------------------------------------------------------------------------------------------------------------------------
2021-12-15 23:26:18,979 [INFO] Starting training for polarity with augmentation 0
2021-12-15 23:26:18,980 [INFO] Augmentation features: {'num_samples': 0, 'augmentation_type': 'none'}
2021-12-15 23:26:19,085 [DEBUG] ---------------Starting training for nb---------------
2021-12-15 23:26:26,970 [DEBUG] Results of the grid search for the model:
2021-12-15 23:26:26,971 [DEBUG] Best estimator:
2021-12-15 23:26:26,977 [DEBUG] Pipeline(steps=[('vectorizer',
                 TfidfVectorizer(ngram_range=(1, 2),
                                 tokenizer=<__main__.WordTokenizer object at 0x7fe51b9f4a00>)),
                ('model', MultinomialNB(alpha=0.1))])
2021-12-15 23:26:26,978 [DEBUG] Best parameters:
2021-12-15 23:26:26,979 [DEBUG] {'model__alpha': 0.1, 'vectorizer__ngram_range': (1, 2), 'vectorizer__tokenizer': <__main__.WordTokenizer object at 0x7fe52096ad00>}
2021-12-15 23:26:26,980 [DEBUG] Best (f1) score:
2021-12-15 23:26:26,980 [DEBUG] 0.7680426312029184
2021-12-15 23:26:29,175 [DEBUG] Val set results of the best classifier:
2021-12-15 23:26:29,268 [DEBUG]               precision    recall  f1-score   support

           0       0.76      0.79      0.78       538
           1       0.78      0.74      0.76       528

    accuracy                           0.77      1066
   macro avg       0.77      0.77      0.77      1066
weighted avg       0.77      0.77      0.77      1066

2021-12-15 23:26:29,281 [DEBUG] [[427 111]
 [136 392]]
2021-12-15 23:26:31,723 [DEBUG] Test set results of the best classifier (DO NOT USE THESE RESULTS TO CHOOSE DA, ONLY TO REPORT):
2021-12-15 23:26:31,816 [DEBUG]               precision    recall  f1-score   support

           0       0.80      0.80      0.80       524
           1       0.80      0.81      0.81       543

    accuracy                           0.80      1067
   macro avg       0.80      0.80      0.80      1067
weighted avg       0.80      0.80      0.80      1067

2021-12-15 23:26:31,828 [DEBUG] [[417 107]
 [102 441]]
2021-12-15 23:26:31,876 [DEBUG] ---------------Starting training for logistic---------------
2021-12-15 23:26:40,691 [DEBUG] Results of the grid search for the model:
2021-12-15 23:26:40,692 [DEBUG] Best estimator:
2021-12-15 23:26:40,696 [DEBUG] Pipeline(steps=[('vectorizer',
                 TfidfVectorizer(ngram_range=(1, 2),
                                 tokenizer=<__main__.WordTokenizer object at 0x7fe51ab2e490>)),
                ('model', LogisticRegression(C=1, n_jobs=-1, random_state=42))])
2021-12-15 23:26:40,697 [DEBUG] Best parameters:
2021-12-15 23:26:40,698 [DEBUG] {'model__C': 1, 'model__n_jobs': -1, 'model__penalty': 'l2', 'model__random_state': 42, 'model__solver': 'lbfgs', 'vectorizer__ngram_range': (1, 2), 'vectorizer__tokenizer': <__main__.WordTokenizer object at 0x7fe51abf9b20>}
2021-12-15 23:26:40,699 [DEBUG] Best (f1) score:
2021-12-15 23:26:40,700 [DEBUG] 0.7569738404513114
2021-12-15 23:26:43,806 [DEBUG] Val set results of the best classifier:
2021-12-15 23:26:43,951 [DEBUG]               precision    recall  f1-score   support

           0       0.77      0.73      0.75       538
           1       0.74      0.78      0.76       528

    accuracy                           0.76      1066
   macro avg       0.76      0.76      0.76      1066
weighted avg       0.76      0.76      0.76      1066

2021-12-15 23:26:43,970 [DEBUG] [[395 143]
 [116 412]]
2021-12-15 23:26:47,432 [DEBUG] Test set results of the best classifier (DO NOT USE THESE RESULTS TO CHOOSE DA, ONLY TO REPORT):
2021-12-15 23:26:47,579 [DEBUG]               precision    recall  f1-score   support

           0       0.78      0.74      0.76       524
           1       0.76      0.79      0.78       543

    accuracy                           0.77      1067
   macro avg       0.77      0.77      0.77      1067
weighted avg       0.77      0.77      0.77      1067

2021-12-15 23:26:47,605 [DEBUG] [[387 137]
 [112 431]]
2021-12-15 23:26:47,655 [DEBUG] ---------------Starting training for svm---------------
2021-12-15 23:27:55,175 [DEBUG] Results of the grid search for the model:
2021-12-15 23:27:55,177 [DEBUG] Best estimator:
2021-12-15 23:27:55,181 [DEBUG] Pipeline(steps=[('vectorizer',
                 TfidfVectorizer(ngram_range=(1, 2),
                                 tokenizer=<__main__.WordTokenizer object at 0x7fe51ab2eb80>)),
                ('model', SVC(C=1, random_state=42))])
2021-12-15 23:27:55,183 [DEBUG] Best parameters:
2021-12-15 23:27:55,184 [DEBUG] {'model__C': 1, 'model__kernel': 'rbf', 'model__random_state': 42, 'vectorizer__ngram_range': (1, 2), 'vectorizer__tokenizer': <__main__.WordTokenizer object at 0x7fe51abf9a30>}
2021-12-15 23:27:55,186 [DEBUG] Best (f1) score:
2021-12-15 23:27:55,188 [DEBUG] 0.7711069418386493
2021-12-15 23:28:23,263 [DEBUG] Val set results of the best classifier:
2021-12-15 23:28:23,405 [DEBUG]               precision    recall  f1-score   support

           0       0.78      0.76      0.77       538
           1       0.76      0.78      0.77       528

    accuracy                           0.77      1066
   macro avg       0.77      0.77      0.77      1066
weighted avg       0.77      0.77      0.77      1066

2021-12-15 23:28:23,429 [DEBUG] [[411 127]
 [117 411]]
2021-12-15 23:29:03,348 [DEBUG] Test set results of the best classifier (DO NOT USE THESE RESULTS TO CHOOSE DA, ONLY TO REPORT):
2021-12-15 23:29:03,488 [DEBUG]               precision    recall  f1-score   support

           0       0.77      0.75      0.76       524
           1       0.77      0.78      0.77       543

    accuracy                           0.77      1067
   macro avg       0.77      0.77      0.77      1067
weighted avg       0.77      0.77      0.77      1067

2021-12-15 23:29:03,506 [DEBUG] [[395 129]
 [118 425]]
2021-12-15 23:29:03,556 [INFO] ------------------------------------------------------------------------------------------------------------------------
2021-12-15 23:29:03,557 [INFO] Starting training for polarity with augmentation 1
2021-12-15 23:29:03,558 [INFO] Augmentation features: {'num_samples': 5, 'augmentation_type': 'random_swap', 'aug_max': None, 'aug_p': 0.25}
2021-12-15 23:29:04,003 [DEBUG] ---------------Starting training for nb---------------
2021-12-15 23:29:27,575 [DEBUG] Results of the grid search for the model:
2021-12-15 23:29:27,584 [DEBUG] Best estimator:
2021-12-15 23:29:27,587 [DEBUG] Pipeline(steps=[('vectorizer',
                 TfidfVectorizer(ngram_range=(1, 2),
                                 tokenizer=<__main__.WordTokenizer object at 0x7fe51b9f4c10>)),
                ('model', MultinomialNB(alpha=0.1))])
2021-12-15 23:29:27,591 [DEBUG] Best parameters:
2021-12-15 23:29:27,592 [DEBUG] {'model__alpha': 0.1, 'vectorizer__ngram_range': (1, 2), 'vectorizer__tokenizer': <__main__.WordTokenizer object at 0x7fe51abf93d0>}
2021-12-15 23:29:27,593 [DEBUG] Best (f1) score:
2021-12-15 23:29:27,594 [DEBUG] 0.7569584373170656
2021-12-15 23:29:39,127 [DEBUG] Val set results of the best classifier:
2021-12-15 23:29:39,219 [DEBUG]               precision    recall  f1-score   support

           0       0.76      0.77      0.76       538
           1       0.76      0.75      0.75       528

    accuracy                           0.76      1066
   macro avg       0.76      0.76      0.76      1066
weighted avg       0.76      0.76      0.76      1066

2021-12-15 23:29:39,231 [DEBUG] [[413 125]
 [134 394]]
2021-12-15 23:29:51,033 [DEBUG] Test set results of the best classifier (DO NOT USE THESE RESULTS TO CHOOSE DA, ONLY TO REPORT):
2021-12-15 23:29:51,130 [DEBUG]               precision    recall  f1-score   support

           0       0.78      0.78      0.78       524
           1       0.79      0.79      0.79       543

    accuracy                           0.78      1067
   macro avg       0.78      0.78      0.78      1067
weighted avg       0.78      0.78      0.78      1067

2021-12-15 23:29:51,144 [DEBUG] [[407 117]
 [115 428]]
2021-12-15 23:29:51,258 [DEBUG] ---------------Starting training for logistic---------------
2021-12-15 23:30:20,972 [DEBUG] Results of the grid search for the model:
2021-12-15 23:30:20,973 [DEBUG] Best estimator:
2021-12-15 23:30:20,977 [DEBUG] Pipeline(steps=[('vectorizer',
                 TfidfVectorizer(ngram_range=(1, 2),
                                 tokenizer=<__main__.WordTokenizer object at 0x7fe51ab2e7c0>)),
                ('model', LogisticRegression(C=1, n_jobs=-1, random_state=42))])
2021-12-15 23:30:20,978 [DEBUG] Best parameters:
2021-12-15 23:30:20,979 [DEBUG] {'model__C': 1, 'model__n_jobs': -1, 'model__penalty': 'l2', 'model__random_state': 42, 'model__solver': 'lbfgs', 'vectorizer__ngram_range': (1, 2), 'vectorizer__tokenizer': <__main__.WordTokenizer object at 0x7fe52096ad00>}
2021-12-15 23:30:20,979 [DEBUG] Best (f1) score:
2021-12-15 23:30:20,980 [DEBUG] 0.776707163803938
2021-12-15 23:30:33,731 [DEBUG] Val set results of the best classifier:
2021-12-15 23:30:33,873 [DEBUG]               precision    recall  f1-score   support

           0       0.79      0.76      0.77       538
           1       0.76      0.80      0.78       528

    accuracy                           0.78      1066
   macro avg       0.78      0.78      0.78      1066
weighted avg       0.78      0.78      0.78      1066

2021-12-15 23:30:33,896 [DEBUG] [[408 130]
 [108 420]]
2021-12-15 23:30:50,517 [DEBUG] Test set results of the best classifier (DO NOT USE THESE RESULTS TO CHOOSE DA, ONLY TO REPORT):
2021-12-15 23:30:50,657 [DEBUG]               precision    recall  f1-score   support

           0       0.77      0.77      0.77       524
           1       0.78      0.78      0.78       543

    accuracy                           0.78      1067
   macro avg       0.78      0.78      0.78      1067
weighted avg       0.78      0.78      0.78      1067

2021-12-15 23:30:50,676 [DEBUG] [[402 122]
 [117 426]]
2021-12-15 23:30:50,785 [DEBUG] ---------------Starting training for svm---------------
2021-12-16 01:21:50,520 [DEBUG] Results of the grid search for the model:
2021-12-16 01:21:50,521 [DEBUG] Best estimator:
2021-12-16 01:21:50,524 [DEBUG] Pipeline(steps=[('vectorizer',
                 TfidfVectorizer(ngram_range=(1, 2),
                                 tokenizer=<__main__.WordTokenizer object at 0x7fe51ab2ec10>)),
                ('model', SVC(C=1, random_state=42))])
2021-12-16 01:21:50,525 [DEBUG] Best parameters:
2021-12-16 01:21:50,525 [DEBUG] {'model__C': 1, 'model__kernel': 'rbf', 'model__random_state': 42, 'vectorizer__ngram_range': (1, 2), 'vectorizer__tokenizer': <__main__.WordTokenizer object at 0x7fe52096abe0>}
2021-12-16 01:21:50,526 [DEBUG] Best (f1) score:
2021-12-16 01:21:50,526 [DEBUG] 0.7832866163560759
2021-12-16 02:17:42,240 [DEBUG] Val set results of the best classifier:
2021-12-16 02:17:42,385 [DEBUG]               precision    recall  f1-score   support

           0       0.80      0.77      0.78       538
           1       0.77      0.80      0.79       528

    accuracy                           0.78      1066
   macro avg       0.78      0.78      0.78      1066
weighted avg       0.78      0.78      0.78      1066

2021-12-16 02:17:42,404 [DEBUG] [[413 125]
 [106 422]]
2021-12-16 03:16:32,642 [DEBUG] Test set results of the best classifier (DO NOT USE THESE RESULTS TO CHOOSE DA, ONLY TO REPORT):
2021-12-16 03:16:32,786 [DEBUG]               precision    recall  f1-score   support

           0       0.79      0.77      0.78       524
           1       0.78      0.80      0.79       543

    accuracy                           0.78      1067
   macro avg       0.78      0.78      0.78      1067
weighted avg       0.78      0.78      0.78      1067

2021-12-16 03:16:32,837 [DEBUG] [[403 121]
 [110 433]]
2021-12-16 03:16:32,989 [INFO] ------------------------------------------------------------------------------------------------------------------------
2021-12-16 03:16:32,990 [INFO] Starting training for polarity with augmentation 2
2021-12-16 03:16:32,990 [INFO] Augmentation features: {'num_samples': 5, 'augmentation_type': 'random_swap', 'aug_max': None, 'aug_p': 0.5}
2021-12-16 03:16:33,474 [DEBUG] ---------------Starting training for nb---------------
2021-12-16 03:17:03,176 [DEBUG] Results of the grid search for the model:
2021-12-16 03:17:03,177 [DEBUG] Best estimator:
2021-12-16 03:17:03,180 [DEBUG] Pipeline(steps=[('vectorizer',
                 TfidfVectorizer(ngram_range=(1, 2),
                                 tokenizer=<__main__.WordTokenizer object at 0x7fe51abf9340>)),
                ('model', MultinomialNB(alpha=0.1))])
2021-12-16 03:17:03,181 [DEBUG] Best parameters:
2021-12-16 03:17:03,182 [DEBUG] {'model__alpha': 0.1, 'vectorizer__ngram_range': (1, 2), 'vectorizer__tokenizer': <__main__.WordTokenizer object at 0x7fe51b9c9eb0>}
2021-12-16 03:17:03,183 [DEBUG] Best (f1) score:
2021-12-16 03:17:03,183 [DEBUG] 0.7710553648446441
2021-12-16 03:17:15,835 [DEBUG] Val set results of the best classifier:
2021-12-16 03:17:15,935 [DEBUG]               precision    recall  f1-score   support

           0       0.77      0.78      0.77       538
           1       0.77      0.76      0.77       528

    accuracy                           0.77      1066
   macro avg       0.77      0.77      0.77      1066
weighted avg       0.77      0.77      0.77      1066

2021-12-16 03:17:15,948 [DEBUG] [[419 119]
 [125 403]]
2021-12-16 03:17:29,656 [DEBUG] Test set results of the best classifier (DO NOT USE THESE RESULTS TO CHOOSE DA, ONLY TO REPORT):
2021-12-16 03:17:29,760 [DEBUG]               precision    recall  f1-score   support

           0       0.77      0.78      0.78       524
           1       0.79      0.78      0.78       543

    accuracy                           0.78      1067
   macro avg       0.78      0.78      0.78      1067
weighted avg       0.78      0.78      0.78      1067

2021-12-16 03:17:29,803 [DEBUG] [[410 114]
 [121 422]]
2021-12-16 03:17:29,952 [DEBUG] ---------------Starting training for logistic---------------
2021-12-16 03:18:08,119 [DEBUG] Results of the grid search for the model:
2021-12-16 03:18:08,120 [DEBUG] Best estimator:
2021-12-16 03:18:08,124 [DEBUG] Pipeline(steps=[('vectorizer',
                 TfidfVectorizer(ngram_range=(1, 2),
                                 tokenizer=<__main__.WordTokenizer object at 0x7fe51ab2e7c0>)),
                ('model', LogisticRegression(C=1, n_jobs=-1, random_state=42))])
2021-12-16 03:18:08,124 [DEBUG] Best parameters:
2021-12-16 03:18:08,125 [DEBUG] {'model__C': 1, 'model__n_jobs': -1, 'model__penalty': 'l2', 'model__random_state': 42, 'model__solver': 'lbfgs', 'vectorizer__ngram_range': (1, 2), 'vectorizer__tokenizer': <__main__.WordTokenizer object at 0x7fe51abf9e20>}
2021-12-16 03:18:08,125 [DEBUG] Best (f1) score:
2021-12-16 03:18:08,126 [DEBUG] 0.7841786146869103
2021-12-16 03:18:26,437 [DEBUG] Val set results of the best classifier:
2021-12-16 03:18:26,586 [DEBUG]               precision    recall  f1-score   support

           0       0.80      0.76      0.78       538
           1       0.77      0.81      0.79       528

    accuracy                           0.78      1066
   macro avg       0.78      0.78      0.78      1066
weighted avg       0.79      0.78      0.78      1066

2021-12-16 03:18:26,605 [DEBUG] [[409 129]
 [101 427]]
2021-12-16 03:18:44,180 [DEBUG] Test set results of the best classifier (DO NOT USE THESE RESULTS TO CHOOSE DA, ONLY TO REPORT):
2021-12-16 03:18:44,327 [DEBUG]               precision    recall  f1-score   support

           0       0.78      0.76      0.77       524
           1       0.77      0.79      0.78       543

    accuracy                           0.78      1067
   macro avg       0.78      0.78      0.78      1067
weighted avg       0.78      0.78      0.78      1067

2021-12-16 03:18:44,345 [DEBUG] [[398 126]
 [113 430]]
2021-12-16 03:18:44,466 [DEBUG] ---------------Starting training for svm---------------
2021-12-16 05:09:53,188 [DEBUG] Results of the grid search for the model:
2021-12-16 05:09:53,212 [DEBUG] Best estimator:
2021-12-16 05:09:53,216 [DEBUG] Pipeline(steps=[('vectorizer',
                 TfidfVectorizer(ngram_range=(1, 2),
                                 tokenizer=<__main__.WordTokenizer object at 0x7fe51abf9f40>)),
                ('model', SVC(C=1, random_state=42))])
2021-12-16 05:09:53,217 [DEBUG] Best parameters:
2021-12-16 05:09:53,217 [DEBUG] {'model__C': 1, 'model__kernel': 'rbf', 'model__random_state': 42, 'vectorizer__ngram_range': (1, 2), 'vectorizer__tokenizer': <__main__.WordTokenizer object at 0x7fe51abf9220>}
2021-12-16 05:09:53,218 [DEBUG] Best (f1) score:
2021-12-16 05:09:53,219 [DEBUG] 0.7814103100041803
2021-12-16 06:04:11,081 [DEBUG] Val set results of the best classifier:
2021-12-16 06:04:11,225 [DEBUG]               precision    recall  f1-score   support

           0       0.79      0.77      0.78       538
           1       0.77      0.80      0.78       528

    accuracy                           0.78      1066
   macro avg       0.78      0.78      0.78      1066
weighted avg       0.78      0.78      0.78      1066

2021-12-16 06:04:11,243 [DEBUG] [[412 126]
 [107 421]]
2021-12-16 06:58:34,057 [DEBUG] Test set results of the best classifier (DO NOT USE THESE RESULTS TO CHOOSE DA, ONLY TO REPORT):
2021-12-16 06:58:34,203 [DEBUG]               precision    recall  f1-score   support

           0       0.79      0.77      0.78       524
           1       0.79      0.80      0.80       543

    accuracy                           0.79      1067
   macro avg       0.79      0.79      0.79      1067
weighted avg       0.79      0.79      0.79      1067

2021-12-16 06:58:34,221 [DEBUG] [[405 119]
 [106 437]]
2021-12-16 06:58:34,382 [INFO] ------------------------------------------------------------------------------------------------------------------------
2021-12-16 06:58:34,382 [INFO] Starting training for polarity with augmentation 3
2021-12-16 06:58:34,383 [INFO] Augmentation features: {'num_samples': 5, 'augmentation_type': 'random_swap', 'aug_max': None, 'aug_p': 0.75}
2021-12-16 06:58:34,855 [DEBUG] ---------------Starting training for nb---------------
2021-12-16 06:59:02,798 [DEBUG] Results of the grid search for the model:
2021-12-16 06:59:02,801 [DEBUG] Best estimator:
2021-12-16 06:59:02,804 [DEBUG] Pipeline(steps=[('vectorizer',
                 TfidfVectorizer(ngram_range=(1, 2),
                                 tokenizer=<__main__.WordTokenizer object at 0x7fe51ab2ef70>)),
                ('model', MultinomialNB(alpha=0.1))])
2021-12-16 06:59:02,805 [DEBUG] Best parameters:
2021-12-16 06:59:02,806 [DEBUG] {'model__alpha': 0.1, 'vectorizer__ngram_range': (1, 2), 'vectorizer__tokenizer': <__main__.WordTokenizer object at 0x7fe51b9f4a00>}
2021-12-16 06:59:02,806 [DEBUG] Best (f1) score:
2021-12-16 06:59:02,807 [DEBUG] 0.7701346697330633
2021-12-16 06:59:15,180 [DEBUG] Val set results of the best classifier:
2021-12-16 06:59:15,268 [DEBUG]               precision    recall  f1-score   support

           0       0.77      0.78      0.77       538
           1       0.77      0.77      0.77       528

    accuracy                           0.77      1066
   macro avg       0.77      0.77      0.77      1066
weighted avg       0.77      0.77      0.77      1066

2021-12-16 06:59:15,280 [DEBUG] [[417 121]
 [124 404]]
2021-12-16 06:59:27,804 [DEBUG] Test set results of the best classifier (DO NOT USE THESE RESULTS TO CHOOSE DA, ONLY TO REPORT):
2021-12-16 06:59:27,895 [DEBUG]               precision    recall  f1-score   support

           0       0.79      0.78      0.79       524
           1       0.79      0.80      0.79       543

    accuracy                           0.79      1067
   macro avg       0.79      0.79      0.79      1067
weighted avg       0.79      0.79      0.79      1067

2021-12-16 06:59:27,911 [DEBUG] [[411 113]
 [111 432]]
2021-12-16 06:59:28,067 [DEBUG] ---------------Starting training for logistic---------------
2021-12-16 07:00:03,982 [DEBUG] Results of the grid search for the model:
2021-12-16 07:00:03,983 [DEBUG] Best estimator:
2021-12-16 07:00:03,987 [DEBUG] Pipeline(steps=[('vectorizer',
                 TfidfVectorizer(ngram_range=(1, 2),
                                 tokenizer=<__main__.WordTokenizer object at 0x7fe51abf94f0>)),
                ('model', LogisticRegression(C=1, n_jobs=-1, random_state=42))])
2021-12-16 07:00:03,992 [DEBUG] Best parameters:
2021-12-16 07:00:03,992 [DEBUG] {'model__C': 1, 'model__n_jobs': -1, 'model__penalty': 'l2', 'model__random_state': 42, 'model__solver': 'lbfgs', 'vectorizer__ngram_range': (1, 2), 'vectorizer__tokenizer': <__main__.WordTokenizer object at 0x7fe52096abb0>}
2021-12-16 07:00:03,993 [DEBUG] Best (f1) score:
2021-12-16 07:00:03,994 [DEBUG] 0.7766568423424851
2021-12-16 07:00:20,063 [DEBUG] Val set results of the best classifier:
2021-12-16 07:00:20,199 [DEBUG]               precision    recall  f1-score   support

           0       0.80      0.75      0.77       538
           1       0.76      0.80      0.78       528

    accuracy                           0.78      1066
   macro avg       0.78      0.78      0.78      1066
weighted avg       0.78      0.78      0.78      1066

2021-12-16 07:00:20,219 [DEBUG] [[404 134]
 [104 424]]
2021-12-16 07:00:38,051 [DEBUG] Test set results of the best classifier (DO NOT USE THESE RESULTS TO CHOOSE DA, ONLY TO REPORT):
2021-12-16 07:00:38,210 [DEBUG]               precision    recall  f1-score   support

           0       0.77      0.77      0.77       524
           1       0.78      0.78      0.78       543

    accuracy                           0.78      1067
   macro avg       0.78      0.78      0.78      1067
weighted avg       0.78      0.78      0.78      1067

2021-12-16 07:00:38,227 [DEBUG] [[404 120]
 [119 424]]
2021-12-16 07:00:38,369 [DEBUG] ---------------Starting training for svm---------------
2021-12-16 08:48:36,650 [DEBUG] Results of the grid search for the model:
2021-12-16 08:48:36,651 [DEBUG] Best estimator:
2021-12-16 08:48:36,661 [DEBUG] Pipeline(steps=[('vectorizer',
                 TfidfVectorizer(ngram_range=(1, 2),
                                 tokenizer=<__main__.WordTokenizer object at 0x7fe51bd40310>)),
                ('model', SVC(C=1, random_state=42))])
2021-12-16 08:48:36,662 [DEBUG] Best parameters:
2021-12-16 08:48:36,663 [DEBUG] {'model__C': 1, 'model__kernel': 'rbf', 'model__random_state': 42, 'vectorizer__ngram_range': (1, 2), 'vectorizer__tokenizer': <__main__.WordTokenizer object at 0x7fe51abf9eb0>}
2021-12-16 08:48:36,663 [DEBUG] Best (f1) score:
2021-12-16 08:48:36,664 [DEBUG] 0.7823363949685445
2021-12-16 09:59:57,205 [INFO] Starting polarity training
2021-12-16 09:59:57,215 [INFO] ------------------------------------------------------------------------------------------------------------------------
2021-12-16 09:59:57,216 [INFO] Starting training for polarity with augmentation 3
2021-12-16 09:59:57,217 [INFO] Augmentation features: {'num_samples': 5, 'augmentation_type': 'random_swap', 'aug_max': None, 'aug_p': 0.75}
2021-12-16 09:59:57,653 [DEBUG] ---------------Starting training for nb---------------
2021-12-16 10:00:28,403 [DEBUG] Results of the grid search for the model:
2021-12-16 10:00:28,404 [DEBUG] Best estimator:
2021-12-16 10:00:28,415 [DEBUG] Pipeline(steps=[('vectorizer',
                 TfidfVectorizer(ngram_range=(1, 2),
                                 tokenizer=<__main__.WordTokenizer object at 0x7f3cdf6b31f0>)),
                ('model', MultinomialNB(alpha=0.1))])
2021-12-16 10:00:28,416 [DEBUG] Best parameters:
2021-12-16 10:00:28,417 [DEBUG] {'model__alpha': 0.1, 'vectorizer__ngram_range': (1, 2), 'vectorizer__tokenizer': <__main__.WordTokenizer object at 0x7f3ce6231d30>}
2021-12-16 10:00:28,419 [DEBUG] Best (f1) score:
2021-12-16 10:00:28,419 [DEBUG] 0.7701346697330633
2021-12-16 10:00:41,105 [DEBUG] Val set results of the best classifier:
2021-12-16 10:00:41,191 [DEBUG]               precision    recall  f1-score   support

           0       0.77      0.78      0.77       538
           1       0.77      0.77      0.77       528

    accuracy                           0.77      1066
   macro avg       0.77      0.77      0.77      1066
weighted avg       0.77      0.77      0.77      1066

2021-12-16 10:00:41,202 [DEBUG] [[417 121]
 [124 404]]
2021-12-16 10:00:54,162 [DEBUG] Test set results of the best classifier (DO NOT USE THESE RESULTS TO CHOOSE DA, ONLY TO REPORT):
2021-12-16 10:00:54,238 [DEBUG]               precision    recall  f1-score   support

           0       0.79      0.78      0.79       524
           1       0.79      0.80      0.79       543

    accuracy                           0.79      1067
   macro avg       0.79      0.79      0.79      1067
weighted avg       0.79      0.79      0.79      1067

2021-12-16 10:00:54,249 [DEBUG] [[411 113]
 [111 432]]
2021-12-16 10:00:54,391 [DEBUG] ---------------Starting training for logistic---------------
2021-12-16 10:01:30,561 [DEBUG] Results of the grid search for the model:
2021-12-16 10:01:30,563 [DEBUG] Best estimator:
2021-12-16 10:01:30,566 [DEBUG] Pipeline(steps=[('vectorizer',
                 TfidfVectorizer(ngram_range=(1, 2),
                                 tokenizer=<__main__.WordTokenizer object at 0x7f3cdecc8bb0>)),
                ('model', LogisticRegression(C=1, n_jobs=-1, random_state=42))])
2021-12-16 10:01:30,567 [DEBUG] Best parameters:
2021-12-16 10:01:30,568 [DEBUG] {'model__C': 1, 'model__n_jobs': -1, 'model__penalty': 'l2', 'model__random_state': 42, 'model__solver': 'lbfgs', 'vectorizer__ngram_range': (1, 2), 'vectorizer__tokenizer': <__main__.WordTokenizer object at 0x7f3cdecc8280>}
2021-12-16 10:01:30,569 [DEBUG] Best (f1) score:
2021-12-16 10:01:30,570 [DEBUG] 0.7766568423424851
2021-12-16 10:01:47,715 [DEBUG] Val set results of the best classifier:
2021-12-16 10:01:47,840 [DEBUG]               precision    recall  f1-score   support

           0       0.80      0.75      0.77       538
           1       0.76      0.80      0.78       528

    accuracy                           0.78      1066
   macro avg       0.78      0.78      0.78      1066
weighted avg       0.78      0.78      0.78      1066

2021-12-16 10:01:47,857 [DEBUG] [[404 134]
 [104 424]]
2021-12-16 10:02:06,308 [DEBUG] Test set results of the best classifier (DO NOT USE THESE RESULTS TO CHOOSE DA, ONLY TO REPORT):
2021-12-16 10:02:06,431 [DEBUG]               precision    recall  f1-score   support

           0       0.77      0.77      0.77       524
           1       0.78      0.78      0.78       543

    accuracy                           0.78      1067
   macro avg       0.78      0.78      0.78      1067
weighted avg       0.78      0.78      0.78      1067

2021-12-16 10:02:06,447 [DEBUG] [[404 120]
 [119 424]]
2021-12-16 10:02:06,578 [DEBUG] ---------------Starting training for svm---------------
